#
# There is insufficient memory for the Java Runtime Environment to continue.
# Native memory allocation (mmap) failed to map 418381824 bytes for G1 virtual space
# Possible reasons:
#   The system is out of physical RAM or swap space
#   The process is running with CompressedOops enabled, and the Java Heap may be blocking the growth of the native heap
# Possible solutions:
#   Reduce memory load on the system
#   Increase physical memory or swap space
#   Check if swap backing store is full
#   Decrease Java heap size (-Xmx/-Xms)
#   Decrease number of Java threads
#   Decrease Java thread stack sizes (-Xss)
#   Set larger code cache with -XX:ReservedCodeCacheSize=
#   JVM is running with Unscaled Compressed Oops mode in which the Java heap is
#     placed in the first 4GB address space. The Java Heap base address is the
#     maximum limit for the native heap growth. Please use -XX:HeapBaseMinAddress
#     to set the Java Heap base and to place the Java Heap above 4GB virtual address.
# This output file may be truncated or incomplete.
#
#  Out of Memory Error (os_windows.cpp:3771), pid=324, tid=20940
#
# JRE version: OpenJDK Runtime Environment (17.0.7) (build 17.0.7+0-b2043.56-10550314)
# Java VM: OpenJDK 64-Bit Server VM (17.0.7+0-b2043.56-10550314, mixed mode, tiered, compressed oops, compressed class ptrs, g1 gc, windows-amd64)
# No core dump will be written. Minidumps are not enabled by default on client versions of Windows
#

---------------  S U M M A R Y ------------

Command Line: --add-opens=java.base/java.util=ALL-UNNAMED --add-opens=java.base/java.lang=ALL-UNNAMED --add-opens=java.base/java.lang.invoke=ALL-UNNAMED --add-opens=java.prefs/java.util.prefs=ALL-UNNAMED --add-opens=java.base/java.nio.charset=ALL-UNNAMED --add-opens=java.base/java.net=ALL-UNNAMED --add-opens=java.base/java.util.concurrent.atomic=ALL-UNNAMED -Xmx2048m -Dfile.encoding=UTF-8 -Duser.country=GB -Duser.language=en -Duser.variant -javaagent:C:\Users\petsh\.gradle\wrapper\dists\gradle-8.4-bin\1w5dpkrfk8irigvoxmyhowfim\gradle-8.4\lib\agents\gradle-instrumentation-agent-8.4.jar org.gradle.launcher.daemon.bootstrap.GradleDaemon 8.4

Host: AMD Ryzen 7 6800HS with Radeon Graphics         , 16 cores, 15G,  Windows 11 , 64 bit Build 22621 (10.0.22621.3085)
Time: Fri Mar  8 18:15:30 2024 W. Europe Standard Time elapsed time: 22.147024 seconds (0d 0h 0m 22s)

---------------  T H R E A D  ---------------

Current thread (0x000002a0d206ec50):  VMThread "VM Thread" [stack: 0x000000e8e5600000,0x000000e8e5700000] [id=20940]

Stack: [0x000000e8e5600000,0x000000e8e5700000]
Native frames: (J=compiled Java code, j=interpreted, Vv=VM code, C=native code)
V  [jvm.dll+0x683bfa]
V  [jvm.dll+0x8430a4]
V  [jvm.dll+0x8449be]
V  [jvm.dll+0x845023]
V  [jvm.dll+0x24ad2f]
V  [jvm.dll+0x680ac9]
V  [jvm.dll+0x67519a]
V  [jvm.dll+0x30b3cb]
V  [jvm.dll+0x312876]
V  [jvm.dll+0x36221e]
V  [jvm.dll+0x36244f]
V  [jvm.dll+0x2e14a8]
V  [jvm.dll+0x2df684]
V  [jvm.dll+0x2dec8c]
V  [jvm.dll+0x32382b]
V  [jvm.dll+0x8496eb]
V  [jvm.dll+0x84a424]
V  [jvm.dll+0x84a93d]
V  [jvm.dll+0x84ad14]
V  [jvm.dll+0x84ade0]
V  [jvm.dll+0x7f2aea]
V  [jvm.dll+0x682a35]
C  [ucrtbase.dll+0x29363]
C  [KERNEL32.DLL+0x1257d]
C  [ntdll.dll+0x5aa58]

VM_Operation (0x000000e8e8afceb0): G1CollectForAllocation, mode: safepoint, requested by thread 0x000002a0db870740


---------------  P R O C E S S  ---------------

Threads class SMR info:
_java_thread_list=0x000002a0da57c9d0, length=80, elements={
0x000002a0b7669f80, 0x000002a0d21f53f0, 0x000002a0d21f6170, 0x000002a0d2202680,
0x000002a0d2241110, 0x000002a0d2243cd0, 0x000002a0d2246690, 0x000002a0d2248380,
0x000002a0d2248d70, 0x000002a0d224b770, 0x000002a0d232c600, 0x000002a0d26a0080,
0x000002a0d8c0b0a0, 0x000002a0d7d8f030, 0x000002a0d85d9030, 0x000002a0d8b16ae0,
0x000002a0d840f460, 0x000002a0d822f030, 0x000002a0d74c4be0, 0x000002a0d8b77450,
0x000002a0d708d990, 0x000002a0d7089fd0, 0x000002a0d708a4a0, 0x000002a0d708ae40,
0x000002a0d708d4c0, 0x000002a0d708c650, 0x000002a0d708b310, 0x000002a0d708b7e0,
0x000002a0d708bcb0, 0x000002a0d708cb20, 0x000002a0db870740, 0x000002a0db872420,
0x000002a0db873760, 0x000002a0db873290, 0x000002a0db876780, 0x000002a0db8762b0,
0x000002a0db877120, 0x000002a0db8745d0, 0x000002a0db875de0, 0x000002a0db871a80,
0x000002a0db874100, 0x000002a0db875910, 0x000002a0db873c30, 0x000002a0db874aa0,
0x000002a0db8775f0, 0x000002a0db874f70, 0x000002a0db870270, 0x000002a0db870c10,
0x000002a0db871f50, 0x000002a0dbb21290, 0x000002a0dbb22aa0, 0x000002a0dbb23de0,
0x000002a0dbb21760, 0x000002a0dbb25120, 0x000002a0dbb1ff50, 0x000002a0dbb255f0,
0x000002a0dbb21c30, 0x000002a0dbb23440, 0x000002a0dbb24780, 0x000002a0dbb24c50,
0x000002a0dbb25ac0, 0x000002a0dbb25f90, 0x000002a0dbb26460, 0x000002a0dbb26930,
0x000002a0dbb22100, 0x000002a0dbb26e00, 0x000002a0dbb225d0, 0x000002a0dbb23910,
0x000002a0dbb1fa80, 0x000002a0dbb20dc0, 0x000002a0dbb20420, 0x000002a0dbb22f70,
0x000002a0d9e84d20, 0x000002a0d9e8bc80, 0x000002a0d9e884d0, 0x000002a0d9e86670,
0x000002a0d9e8c190, 0x000002a0d9e86b80, 0x000002a0d9e86160, 0x000002a0d9e889e0
}

Java Threads: ( => current thread )
  0x000002a0b7669f80 JavaThread "main" [_thread_blocked, id=20316, stack(0x000000e8e5000000,0x000000e8e5100000)]
  0x000002a0d21f53f0 JavaThread "Reference Handler" daemon [_thread_blocked, id=17420, stack(0x000000e8e5700000,0x000000e8e5800000)]
  0x000002a0d21f6170 JavaThread "Finalizer" daemon [_thread_blocked, id=8392, stack(0x000000e8e5800000,0x000000e8e5900000)]
  0x000002a0d2202680 JavaThread "Signal Dispatcher" daemon [_thread_blocked, id=9456, stack(0x000000e8e5900000,0x000000e8e5a00000)]
  0x000002a0d2241110 JavaThread "Attach Listener" daemon [_thread_blocked, id=25240, stack(0x000000e8e5a00000,0x000000e8e5b00000)]
  0x000002a0d2243cd0 JavaThread "Service Thread" daemon [_thread_blocked, id=12924, stack(0x000000e8e5b00000,0x000000e8e5c00000)]
  0x000002a0d2246690 JavaThread "Monitor Deflation Thread" daemon [_thread_blocked, id=22588, stack(0x000000e8e5c00000,0x000000e8e5d00000)]
  0x000002a0d2248380 JavaThread "C2 CompilerThread0" daemon [_thread_blocked, id=14316, stack(0x000000e8e5d00000,0x000000e8e5e00000)]
  0x000002a0d2248d70 JavaThread "C1 CompilerThread0" daemon [_thread_blocked, id=23300, stack(0x000000e8e5e00000,0x000000e8e5f00000)]
  0x000002a0d224b770 JavaThread "Sweeper thread" daemon [_thread_blocked, id=10588, stack(0x000000e8e5f00000,0x000000e8e6000000)]
  0x000002a0d232c600 JavaThread "Common-Cleaner" daemon [_thread_blocked, id=7836, stack(0x000000e8e6000000,0x000000e8e6100000)]
  0x000002a0d26a0080 JavaThread "Notification Thread" daemon [_thread_blocked, id=17664, stack(0x000000e8e6300000,0x000000e8e6400000)]
  0x000002a0d8c0b0a0 JavaThread "Daemon health stats" [_thread_blocked, id=2952, stack(0x000000e8e6e00000,0x000000e8e6f00000)]
  0x000002a0d7d8f030 JavaThread "Incoming local TCP Connector on port 64415" [_thread_in_native, id=21912, stack(0x000000e8e6f00000,0x000000e8e7000000)]
  0x000002a0d85d9030 JavaThread "Daemon periodic checks" [_thread_blocked, id=23468, stack(0x000000e8e7000000,0x000000e8e7100000)]
  0x000002a0d8b16ae0 JavaThread "Daemon" [_thread_blocked, id=7220, stack(0x000000e8e7100000,0x000000e8e7200000)]
  0x000002a0d840f460 JavaThread "Handler for socket connection from /127.0.0.1:64415 to /127.0.0.1:64416" [_thread_in_native, id=13524, stack(0x000000e8e7200000,0x000000e8e7300000)]
  0x000002a0d822f030 JavaThread "Cancel handler" [_thread_blocked, id=23000, stack(0x000000e8e7300000,0x000000e8e7400000)]
  0x000002a0d74c4be0 JavaThread "Daemon worker" [_thread_blocked, id=23220, stack(0x000000e8e7400000,0x000000e8e7500000)]
  0x000002a0d8b77450 JavaThread "Asynchronous log dispatcher for DefaultDaemonConnection: socket connection from /127.0.0.1:64415 to /127.0.0.1:64416" [_thread_blocked, id=22112, stack(0x000000e8e7500000,0x000000e8e7600000)]
  0x000002a0d708d990 JavaThread "Stdin handler" [_thread_blocked, id=25580, stack(0x000000e8e7600000,0x000000e8e7700000)]
  0x000002a0d7089fd0 JavaThread "Daemon client event forwarder" [_thread_blocked, id=23672, stack(0x000000e8e7700000,0x000000e8e7800000)]
  0x000002a0d708a4a0 JavaThread "Cache worker for journal cache (C:\Users\petsh\.gradle\caches\journal-1)" [_thread_blocked, id=6576, stack(0x000000e8e8200000,0x000000e8e8300000)]
  0x000002a0d708ae40 JavaThread "File lock request listener" [_thread_in_native, id=24788, stack(0x000000e8e8300000,0x000000e8e8400000)]
  0x000002a0d708d4c0 JavaThread "Cache worker for file hash cache (C:\Users\petsh\.gradle\caches\8.4\fileHashes)" [_thread_blocked, id=16304, stack(0x000000e8e8400000,0x000000e8e8500000)]
  0x000002a0d708c650 JavaThread "File watcher server" daemon [_thread_in_native, id=23144, stack(0x000000e8e8500000,0x000000e8e8600000)]
  0x000002a0d708b310 JavaThread "File watcher consumer" daemon [_thread_blocked, id=20736, stack(0x000000e8e8600000,0x000000e8e8700000)]
  0x000002a0d708b7e0 JavaThread "jar transforms" [_thread_blocked, id=25284, stack(0x000000e8e8700000,0x000000e8e8800000)]
  0x000002a0d708bcb0 JavaThread "jar transforms Thread 2" [_thread_blocked, id=8524, stack(0x000000e8e8800000,0x000000e8e8900000)]
  0x000002a0d708cb20 JavaThread "jar transforms Thread 3" [_thread_blocked, id=25368, stack(0x000000e8e8900000,0x000000e8e8a00000)]
  0x000002a0db870740 JavaThread "jar transforms Thread 4" [_thread_blocked, id=23944, stack(0x000000e8e8a00000,0x000000e8e8b00000)]
  0x000002a0db872420 JavaThread "jar transforms Thread 5" [_thread_blocked, id=22516, stack(0x000000e8e8b00000,0x000000e8e8c00000)]
  0x000002a0db873760 JavaThread "jar transforms Thread 6" [_thread_blocked, id=19748, stack(0x000000e8e8c00000,0x000000e8e8d00000)]
  0x000002a0db873290 JavaThread "jar transforms Thread 7" [_thread_blocked, id=22412, stack(0x000000e8e8d00000,0x000000e8e8e00000)]
  0x000002a0db876780 JavaThread "jar transforms Thread 8" [_thread_blocked, id=24384, stack(0x000000e8e8e00000,0x000000e8e8f00000)]
  0x000002a0db8762b0 JavaThread "jar transforms Thread 9" [_thread_blocked, id=13788, stack(0x000000e8e8f00000,0x000000e8e9000000)]
  0x000002a0db877120 JavaThread "jar transforms Thread 10" [_thread_blocked, id=3476, stack(0x000000e8e9000000,0x000000e8e9100000)]
  0x000002a0db8745d0 JavaThread "jar transforms Thread 11" [_thread_blocked, id=19516, stack(0x000000e8e9100000,0x000000e8e9200000)]
  0x000002a0db875de0 JavaThread "jar transforms Thread 12" [_thread_blocked, id=24412, stack(0x000000e8e9200000,0x000000e8e9300000)]
  0x000002a0db871a80 JavaThread "jar transforms Thread 13" [_thread_blocked, id=23880, stack(0x000000e8e9300000,0x000000e8e9400000)]
  0x000002a0db874100 JavaThread "jar transforms Thread 14" [_thread_blocked, id=18608, stack(0x000000e8e9400000,0x000000e8e9500000)]
  0x000002a0db875910 JavaThread "jar transforms Thread 15" [_thread_blocked, id=11320, stack(0x000000e8e9500000,0x000000e8e9600000)]
  0x000002a0db873c30 JavaThread "jar transforms Thread 16" [_thread_blocked, id=17352, stack(0x000000e8e9600000,0x000000e8e9700000)]
  0x000002a0db874aa0 JavaThread "Cache worker for checksums cache (C:\Users\petsh\Downloads\examples-master\examples-master\lite\examples\image_classification\android_java\.gradle\8.4\checksums)" [_thread_blocked, id=11140, stack(0x000000e8e9700000,0x000000e8e9800000)]
  0x000002a0db8775f0 JavaThread "Cache worker for file hash cache (C:\Users\petsh\Downloads\examples-master\examples-master\lite\examples\image_classification\android_java\.gradle\8.4\fileHashes)" [_thread_blocked, id=14424, stack(0x000000e8e9800000,0x000000e8e9900000)]
  0x000002a0db874f70 JavaThread "Cache worker for cache directory md-supplier (C:\Users\petsh\.gradle\caches\8.4\md-supplier)" [_thread_blocked, id=14052, stack(0x000000e8e9900000,0x000000e8e9a00000)]
  0x000002a0db870270 JavaThread "Cache worker for file content cache (C:\Users\petsh\.gradle\caches\8.4\fileContent)" [_thread_blocked, id=19052, stack(0x000000e8e9a00000,0x000000e8e9b00000)]
  0x000002a0db870c10 JavaThread "Cache worker for cache directory md-rule (C:\Users\petsh\.gradle\caches\8.4\md-rule)" [_thread_blocked, id=24856, stack(0x000000e8e9b00000,0x000000e8e9c00000)]
  0x000002a0db871f50 JavaThread "Cache worker for execution history cache (C:\Users\petsh\.gradle\caches\8.4\executionHistory)" [_thread_blocked, id=13336, stack(0x000000e8e9c00000,0x000000e8e9d00000)]
  0x000002a0dbb21290 JavaThread "Cache worker for dependencies-accessors (C:\Users\petsh\Downloads\examples-master\examples-master\lite\examples\image_classification\android_java\.gradle\8.4\dependencies-accessors)" [_thread_blocked, id=9304, stack(0x000000e8e9d00000,0x000000e8e9e00000)]
  0x000002a0dbb22aa0 JavaThread "Cache worker for Build Output Cleanup Cache (C:\Users\petsh\Downloads\examples-master\examples-master\lite\examples\image_classification\android_java\.gradle\buildOutputCleanup)" [_thread_blocked, id=1616, stack(0x000000e8e9e00000,0x000000e8e9f00000)]
  0x000002a0dbb23de0 JavaThread "Unconstrained build operations" [_thread_blocked, id=17644, stack(0x000000e8e9f00000,0x000000e8ea000000)]
  0x000002a0dbb21760 JavaThread "Unconstrained build operations Thread 2" [_thread_blocked, id=20060, stack(0x000000e8ea000000,0x000000e8ea100000)]
  0x000002a0dbb25120 JavaThread "Unconstrained build operations Thread 3" [_thread_blocked, id=1612, stack(0x000000e8ea300000,0x000000e8ea400000)]
  0x000002a0dbb1ff50 JavaThread "Unconstrained build operations Thread 4" [_thread_blocked, id=628, stack(0x000000e8ea400000,0x000000e8ea500000)]
  0x000002a0dbb255f0 JavaThread "Unconstrained build operations Thread 5" [_thread_blocked, id=5212, stack(0x000000e8ea500000,0x000000e8ea600000)]
  0x000002a0dbb21c30 JavaThread "Unconstrained build operations Thread 6" [_thread_blocked, id=25556, stack(0x000000e8ea600000,0x000000e8ea700000)]
  0x000002a0dbb23440 JavaThread "Unconstrained build operations Thread 7" [_thread_blocked, id=14996, stack(0x000000e8e6700000,0x000000e8e6800000)]
  0x000002a0dbb24780 JavaThread "Unconstrained build operations Thread 8" [_thread_blocked, id=12936, stack(0x000000e8e6800000,0x000000e8e6900000)]
  0x000002a0dbb24c50 JavaThread "Unconstrained build operations Thread 9" [_thread_blocked, id=15668, stack(0x000000e8ea700000,0x000000e8ea800000)]
  0x000002a0dbb25ac0 JavaThread "Unconstrained build operations Thread 10" [_thread_blocked, id=21836, stack(0x000000e8ea800000,0x000000e8ea900000)]
  0x000002a0dbb25f90 JavaThread "Unconstrained build operations Thread 11" [_thread_blocked, id=18200, stack(0x000000e8ea900000,0x000000e8eaa00000)]
  0x000002a0dbb26460 JavaThread "Unconstrained build operations Thread 12" [_thread_blocked, id=9464, stack(0x000000e8eaa00000,0x000000e8eab00000)]
  0x000002a0dbb26930 JavaThread "Unconstrained build operations Thread 13" [_thread_blocked, id=24536, stack(0x000000e8eab00000,0x000000e8eac00000)]
  0x000002a0dbb22100 JavaThread "Unconstrained build operations Thread 14" [_thread_blocked, id=7680, stack(0x000000e8eac00000,0x000000e8ead00000)]
  0x000002a0dbb26e00 JavaThread "Unconstrained build operations Thread 15" [_thread_blocked, id=21224, stack(0x000000e8ead00000,0x000000e8eae00000)]
  0x000002a0dbb225d0 JavaThread "Unconstrained build operations Thread 16" [_thread_blocked, id=23676, stack(0x000000e8eae00000,0x000000e8eaf00000)]
  0x000002a0dbb23910 JavaThread "Unconstrained build operations Thread 17" [_thread_blocked, id=22572, stack(0x000000e8eaf00000,0x000000e8eb000000)]
  0x000002a0dbb1fa80 JavaThread "Unconstrained build operations Thread 18" [_thread_blocked, id=17548, stack(0x000000e8eb000000,0x000000e8eb100000)]
  0x000002a0dbb20dc0 JavaThread "Unconstrained build operations Thread 19" [_thread_blocked, id=13536, stack(0x000000e8eb100000,0x000000e8eb200000)]
  0x000002a0dbb20420 JavaThread "Unconstrained build operations Thread 20" [_thread_blocked, id=23876, stack(0x000000e8eb200000,0x000000e8eb300000)]
  0x000002a0dbb22f70 JavaThread "Unconstrained build operations Thread 21" [_thread_blocked, id=16848, stack(0x000000e8eb300000,0x000000e8eb400000)]
  0x000002a0d9e84d20 JavaThread "C1 CompilerThread1" daemon [_thread_blocked, id=21448, stack(0x000000e8e6100000,0x000000e8e6200000)]
  0x000002a0d9e8bc80 JavaThread "C1 CompilerThread2" daemon [_thread_blocked, id=13896, stack(0x000000e8e6200000,0x000000e8e6300000)]
  0x000002a0d9e884d0 JavaThread "C2 CompilerThread1" daemon [_thread_blocked, id=11908, stack(0x000000e8e6500000,0x000000e8e6600000)]
  0x000002a0d9e86670 JavaThread "C1 CompilerThread3" daemon [_thread_blocked, id=24372, stack(0x000000e8e6600000,0x000000e8e6700000)]
  0x000002a0d9e8c190 JavaThread "C2 CompilerThread2" daemon [_thread_blocked, id=9316, stack(0x000000e8e6900000,0x000000e8e6a00000)]
  0x000002a0d9e86b80 JavaThread "C2 CompilerThread3" daemon [_thread_blocked, id=18580, stack(0x000000e8eb400000,0x000000e8eb500000)]
  0x000002a0d9e86160 JavaThread "C2 CompilerThread4" daemon [_thread_blocked, id=24540, stack(0x000000e8eb500000,0x000000e8eb600000)]
  0x000002a0d9e889e0 JavaThread "C2 CompilerThread5" daemon [_thread_blocked, id=8344, stack(0x000000e8eb600000,0x000000e8eb700000)]

Other Threads:
=>0x000002a0d206ec50 VMThread "VM Thread" [stack: 0x000000e8e5600000,0x000000e8e5700000] [id=20940]
  0x000002a0b766a9a0 WatcherThread [stack: 0x000000e8e6400000,0x000000e8e6500000] [id=11000]
  0x000002a0b53ae7c0 GCTaskThread "GC Thread#0" [stack: 0x000000e8e5100000,0x000000e8e5200000] [id=22640]
  0x000002a0d7131580 GCTaskThread "GC Thread#1" [stack: 0x000000e8e6a00000,0x000000e8e6b00000] [id=23888]
  0x000002a0d73a6990 GCTaskThread "GC Thread#2" [stack: 0x000000e8e6b00000,0x000000e8e6c00000] [id=21580]
  0x000002a0d8023d90 GCTaskThread "GC Thread#3" [stack: 0x000000e8e6c00000,0x000000e8e6d00000] [id=21892]
  0x000002a0d7535220 GCTaskThread "GC Thread#4" [stack: 0x000000e8e6d00000,0x000000e8e6e00000] [id=25540]
  0x000002a0d88c4a40 GCTaskThread "GC Thread#5" [stack: 0x000000e8e7800000,0x000000e8e7900000] [id=6740]
  0x000002a0d88c57b0 GCTaskThread "GC Thread#6" [stack: 0x000000e8e7900000,0x000000e8e7a00000] [id=1180]
  0x000002a0d88c4fa0 GCTaskThread "GC Thread#7" [stack: 0x000000e8e7a00000,0x000000e8e7b00000] [id=20404]
  0x000002a0d88c4cf0 GCTaskThread "GC Thread#8" [stack: 0x000000e8e7b00000,0x000000e8e7c00000] [id=19128]
  0x000002a0d88c5250 GCTaskThread "GC Thread#9" [stack: 0x000000e8e7c00000,0x000000e8e7d00000] [id=2652]
  0x000002a0d88c5a60 GCTaskThread "GC Thread#10" [stack: 0x000000e8e7d00000,0x000000e8e7e00000] [id=3124]
  0x000002a0d88c4790 GCTaskThread "GC Thread#11" [stack: 0x000000e8e7e00000,0x000000e8e7f00000] [id=7072]
  0x000002a0d88c5500 GCTaskThread "GC Thread#12" [stack: 0x000000e8e7f00000,0x000000e8e8000000] [id=11544]
  0x000002a0b76d1a50 ConcurrentGCThread "G1 Main Marker" [stack: 0x000000e8e5200000,0x000000e8e5300000] [id=18452]
  0x000002a0b76d2270 ConcurrentGCThread "G1 Conc#0" [stack: 0x000000e8e5300000,0x000000e8e5400000] [id=3552]
  0x000002a0d88c5fc0 ConcurrentGCThread "G1 Conc#1" [stack: 0x000000e8e8000000,0x000000e8e8100000] [id=23856]
  0x000002a0d88c5d10 ConcurrentGCThread "G1 Conc#2" [stack: 0x000000e8e8100000,0x000000e8e8200000] [id=6212]
  0x000002a0d1f0a200 ConcurrentGCThread "G1 Refine#0" [stack: 0x000000e8e5400000,0x000000e8e5500000] [id=8040]
  0x000002a0dc656f20 ConcurrentGCThread "G1 Refine#1" [stack: 0x000000e8ea200000,0x000000e8ea300000] [id=24188]
  0x000002a0d1f0ac20 ConcurrentGCThread "G1 Service" [stack: 0x000000e8e5500000,0x000000e8e5600000] [id=20048]

Threads with active compile tasks:
C2 CompilerThread0    22161 10040       4       org.objectweb.asm.SymbolTable::addConstantUtf8 (98 bytes)
C1 CompilerThread0    22161 10281       2       org.objectweb.asm.ClassWriter::visit (160 bytes)
C1 CompilerThread1    22161 10275 %     3       org.objectweb.asm.ClassWriter::toByteArray @ 865 (1535 bytes)
C1 CompilerThread2    22161 10277       2       org.gradle.internal.file.FilePathUtil::getPathSegments (54 bytes)
C2 CompilerThread1    22161 10046       4       org.objectweb.asm.ClassReader::readUtf (44 bytes)
C1 CompilerThread3    22161 10177       2       org.objectweb.asm.MethodVisitor::visitAnnotableParameterCount (17 bytes)
C2 CompilerThread2    22161 10092       4       org.objectweb.asm.ClassReader::readUTF8 (23 bytes)
C2 CompilerThread3    22161 10199       4       org.apache.commons.compress.utils.ByteUtils::toLittleEndian (41 bytes)
C2 CompilerThread4    22161 10126       4       org.objectweb.asm.ByteVector::putUTF8 (144 bytes)
C2 CompilerThread5    22161 10165       4       java.util.StringTokenizer::scanToken (179 bytes)

VM state: at safepoint (normal execution)

VM Mutex/Monitor currently owned by a thread:  ([mutex/lock_event])
[0x000002a0b7666680] Threads_lock - owner thread: 0x000002a0d206ec50
[0x000002a0b7664e50] Heap_lock - owner thread: 0x000002a0db870740

Heap address: 0x0000000080000000, size: 2048 MB, Compressed Oops mode: 32-bit

CDS archive(s) not mapped
Compressed class space mapped at: 0x0000000100000000-0x0000000140000000, reserved size: 1073741824
Narrow klass base: 0x0000000000000000, Narrow klass shift: 3, Narrow klass range: 0x140000000

GC Precious Log:
 CPUs: 16 total, 16 available
 Memory: 15628M
 Large Page Support: Disabled
 NUMA Support: Disabled
 Compressed Oops: Enabled (32-bit)
 Heap Region Size: 1M
 Heap Min Capacity: 8M
 Heap Initial Capacity: 246M
 Heap Max Capacity: 2G
 Pre-touch: Disabled
 Parallel Workers: 13
 Concurrent Workers: 3
 Concurrent Refinement Workers: 13
 Periodic GC: Disabled

Heap:
 garbage-first heap   total 251904K, used 84274K [0x0000000080000000, 0x0000000100000000)
  region size 1024K, 1 young (1024K), 1 survivors (1024K)
 Metaspace       used 68763K, committed 69376K, reserved 1114112K
  class space    used 8997K, committed 9280K, reserved 1048576K

Heap Regions: E=young(eden), S=young(survivor), O=old, HS=humongous(starts), HC=humongous(continues), CS=collection set, F=free, OA=open archive, CA=closed archive, TAMS=top-at-mark-start (previous, next)
|   0|0x0000000080000000, 0x0000000080100000, 0x0000000080100000|100%|HS|  |TAMS 0x0000000080100000, 0x0000000080000000| Complete 
|   1|0x0000000080100000, 0x0000000080200000, 0x0000000080200000|100%|HC|  |TAMS 0x0000000080200000, 0x0000000080100000| Complete 
|   2|0x0000000080200000, 0x0000000080300000, 0x0000000080300000|100%|HC|  |TAMS 0x0000000080300000, 0x0000000080200000| Complete 
|   3|0x0000000080300000, 0x0000000080400000, 0x0000000080400000|100%|HC|  |TAMS 0x0000000080400000, 0x0000000080300000| Complete 
|   4|0x0000000080400000, 0x0000000080500000, 0x0000000080500000|100%| O|  |TAMS 0x0000000080500000, 0x0000000080400000| Untracked 
|   5|0x0000000080500000, 0x0000000080600000, 0x0000000080600000|100%| O|  |TAMS 0x0000000080600000, 0x0000000080500000| Untracked 
|   6|0x0000000080600000, 0x0000000080700000, 0x0000000080700000|100%| O|  |TAMS 0x0000000080700000, 0x0000000080600000| Untracked 
|   7|0x0000000080700000, 0x0000000080800000, 0x0000000080800000|100%| O|  |TAMS 0x0000000080800000, 0x0000000080700000| Untracked 
|   8|0x0000000080800000, 0x0000000080900000, 0x0000000080900000|100%| O|  |TAMS 0x0000000080900000, 0x0000000080800000| Untracked 
|   9|0x0000000080900000, 0x0000000080a00000, 0x0000000080a00000|100%| O|  |TAMS 0x0000000080a00000, 0x0000000080900000| Untracked 
|  10|0x0000000080a00000, 0x0000000080b00000, 0x0000000080b00000|100%| O|  |TAMS 0x0000000080b00000, 0x0000000080a00000| Untracked 
|  11|0x0000000080b00000, 0x0000000080c00000, 0x0000000080c00000|100%| O|  |TAMS 0x0000000080c00000, 0x0000000080b00000| Untracked 
|  12|0x0000000080c00000, 0x0000000080d00000, 0x0000000080d00000|100%| O|  |TAMS 0x0000000080d00000, 0x0000000080c00000| Untracked 
|  13|0x0000000080d00000, 0x0000000080e00000, 0x0000000080e00000|100%| O|  |TAMS 0x0000000080e00000, 0x0000000080d00000| Untracked 
|  14|0x0000000080e00000, 0x0000000080f00000, 0x0000000080f00000|100%| O|  |TAMS 0x0000000080f00000, 0x0000000080e00000| Untracked 
|  15|0x0000000080f00000, 0x0000000081000000, 0x0000000081000000|100%| O|  |TAMS 0x0000000081000000, 0x0000000080f00000| Untracked 
|  16|0x0000000081000000, 0x0000000081100000, 0x0000000081100000|100%| O|  |TAMS 0x0000000081100000, 0x0000000081000000| Untracked 
|  17|0x0000000081100000, 0x0000000081200000, 0x0000000081200000|100%| O|  |TAMS 0x0000000081200000, 0x0000000081100000| Untracked 
|  18|0x0000000081200000, 0x0000000081300000, 0x0000000081300000|100%|HS|  |TAMS 0x0000000081300000, 0x0000000081200000| Complete 
|  19|0x0000000081300000, 0x0000000081400000, 0x0000000081400000|100%|HC|  |TAMS 0x0000000081400000, 0x0000000081300000| Complete 
|  20|0x0000000081400000, 0x0000000081500000, 0x0000000081500000|100%|HS|  |TAMS 0x0000000081500000, 0x0000000081400000| Complete 
|  21|0x0000000081500000, 0x0000000081600000, 0x0000000081600000|100%|HC|  |TAMS 0x0000000081600000, 0x0000000081500000| Complete 
|  22|0x0000000081600000, 0x0000000081700000, 0x0000000081700000|100%|HC|  |TAMS 0x0000000081700000, 0x0000000081600000| Complete 
|  23|0x0000000081700000, 0x0000000081800000, 0x0000000081800000|100%|HS|  |TAMS 0x0000000081800000, 0x0000000081700000| Complete 
|  24|0x0000000081800000, 0x0000000081900000, 0x0000000081900000|100%|HC|  |TAMS 0x0000000081900000, 0x0000000081800000| Complete 
|  25|0x0000000081900000, 0x0000000081a00000, 0x0000000081a00000|100%| O|  |TAMS 0x0000000081a00000, 0x0000000081900000| Untracked 
|  26|0x0000000081a00000, 0x0000000081b00000, 0x0000000081b00000|100%| O|  |TAMS 0x0000000081b00000, 0x0000000081a00000| Untracked 
|  27|0x0000000081b00000, 0x0000000081c00000, 0x0000000081c00000|100%|HS|  |TAMS 0x0000000081c00000, 0x0000000081b00000| Complete 
|  28|0x0000000081c00000, 0x0000000081d00000, 0x0000000081d00000|100%|HC|  |TAMS 0x0000000081d00000, 0x0000000081c00000| Complete 
|  29|0x0000000081d00000, 0x0000000081e00000, 0x0000000081e00000|100%|HC|  |TAMS 0x0000000081e00000, 0x0000000081d00000| Complete 
|  30|0x0000000081e00000, 0x0000000081f00000, 0x0000000081f00000|100%|HC|  |TAMS 0x0000000081f00000, 0x0000000081e00000| Complete 
|  31|0x0000000081f00000, 0x0000000082000000, 0x0000000082000000|100%|HC|  |TAMS 0x0000000082000000, 0x0000000081f00000| Complete 
|  32|0x0000000082000000, 0x0000000082100000, 0x0000000082100000|100%|HC|  |TAMS 0x0000000082100000, 0x0000000082000000| Complete 
|  33|0x0000000082100000, 0x0000000082200000, 0x0000000082200000|100%|HC|  |TAMS 0x0000000082200000, 0x0000000082100000| Complete 
|  34|0x0000000082200000, 0x0000000082300000, 0x0000000082300000|100%|HC|  |TAMS 0x0000000082300000, 0x0000000082200000| Complete 
|  35|0x0000000082300000, 0x0000000082400000, 0x0000000082400000|100%|HC|  |TAMS 0x0000000082400000, 0x0000000082300000| Complete 
|  36|0x0000000082400000, 0x0000000082500000, 0x0000000082500000|100%|HC|  |TAMS 0x0000000082500000, 0x0000000082400000| Complete 
|  37|0x0000000082500000, 0x0000000082600000, 0x0000000082600000|100%|HC|  |TAMS 0x0000000082600000, 0x0000000082500000| Complete 
|  38|0x0000000082600000, 0x0000000082700000, 0x0000000082700000|100%|HC|  |TAMS 0x0000000082700000, 0x0000000082600000| Complete 
|  39|0x0000000082700000, 0x0000000082800000, 0x0000000082800000|100%| O|  |TAMS 0x0000000082800000, 0x0000000082700000| Untracked 
|  40|0x0000000082800000, 0x0000000082900000, 0x0000000082900000|100%| O|  |TAMS 0x0000000082900000, 0x0000000082800000| Untracked 
|  41|0x0000000082900000, 0x0000000082a00000, 0x0000000082a00000|100%| O|  |TAMS 0x0000000082a00000, 0x0000000082900000| Untracked 
|  42|0x0000000082a00000, 0x0000000082b00000, 0x0000000082b00000|100%| O|  |TAMS 0x0000000082a00000, 0x0000000082a00000| Untracked 
|  43|0x0000000082b00000, 0x0000000082c00000, 0x0000000082c00000|100%|HS|  |TAMS 0x0000000082c00000, 0x0000000082b00000| Complete 
|  44|0x0000000082c00000, 0x0000000082d00000, 0x0000000082d00000|100%|HC|  |TAMS 0x0000000082d00000, 0x0000000082c00000| Complete 
|  45|0x0000000082d00000, 0x0000000082e00000, 0x0000000082e00000|100%| O|  |TAMS 0x0000000082e00000, 0x0000000082d00000| Untracked 
|  46|0x0000000082e00000, 0x0000000082f00000, 0x0000000082f00000|100%| O|  |TAMS 0x0000000082f00000, 0x0000000082e00000| Untracked 
|  47|0x0000000082f00000, 0x0000000083000000, 0x0000000083000000|100%| O|  |TAMS 0x0000000083000000, 0x0000000082f00000| Untracked 
|  48|0x0000000083000000, 0x0000000083100000, 0x0000000083100000|100%| O|  |TAMS 0x0000000083100000, 0x0000000083000000| Untracked 
|  49|0x0000000083100000, 0x0000000083200000, 0x0000000083200000|100%| O|  |TAMS 0x0000000083200000, 0x0000000083100000| Untracked 
|  50|0x0000000083200000, 0x0000000083300000, 0x0000000083300000|100%| O|  |TAMS 0x0000000083300000, 0x0000000083200000| Untracked 
|  51|0x0000000083300000, 0x0000000083400000, 0x0000000083400000|100%| O|  |TAMS 0x0000000083400000, 0x0000000083300000| Untracked 
|  52|0x0000000083400000, 0x0000000083500000, 0x0000000083500000|100%| O|  |TAMS 0x0000000083500000, 0x0000000083400000| Untracked 
|  53|0x0000000083500000, 0x0000000083600000, 0x0000000083600000|100%| O|  |TAMS 0x0000000083600000, 0x0000000083500000| Untracked 
|  54|0x0000000083600000, 0x0000000083700000, 0x0000000083700000|100%|HS|  |TAMS 0x0000000083700000, 0x0000000083600000| Complete 
|  55|0x0000000083700000, 0x0000000083800000, 0x0000000083800000|100%|HC|  |TAMS 0x0000000083800000, 0x0000000083700000| Complete 
|  56|0x0000000083800000, 0x0000000083900000, 0x0000000083900000|100%|HC|  |TAMS 0x0000000083900000, 0x0000000083800000| Complete 
|  57|0x0000000083900000, 0x0000000083a00000, 0x0000000083a00000|100%| O|  |TAMS 0x0000000083a00000, 0x0000000083900000| Untracked 
|  58|0x0000000083a00000, 0x0000000083b00000, 0x0000000083b00000|100%| O|  |TAMS 0x0000000083b00000, 0x0000000083a00000| Untracked 
|  59|0x0000000083b00000, 0x0000000083c00000, 0x0000000083c00000|100%| O|  |TAMS 0x0000000083c00000, 0x0000000083b00000| Untracked 
|  60|0x0000000083c00000, 0x0000000083d00000, 0x0000000083d00000|100%| O|  |TAMS 0x0000000083d00000, 0x0000000083c00000| Untracked 
|  61|0x0000000083d00000, 0x0000000083e00000, 0x0000000083e00000|100%| O|  |TAMS 0x0000000083e00000, 0x0000000083d00000| Untracked 
|  62|0x0000000083e00000, 0x0000000083f00000, 0x0000000083f00000|100%| O|  |TAMS 0x0000000083f00000, 0x0000000083e00000| Untracked 
|  63|0x0000000083f00000, 0x0000000083f00000, 0x0000000084000000|  0%| F|  |TAMS 0x0000000083f00000, 0x0000000083f00000| Untracked 
|  64|0x0000000084000000, 0x0000000084100000, 0x0000000084100000|100%| O|  |TAMS 0x0000000084100000, 0x0000000084000000| Untracked 
|  65|0x0000000084100000, 0x0000000084200000, 0x0000000084200000|100%| O|  |TAMS 0x0000000084200000, 0x0000000084100000| Untracked 
|  66|0x0000000084200000, 0x0000000084300000, 0x0000000084300000|100%| O|  |TAMS 0x0000000084300000, 0x0000000084200000| Untracked 
|  67|0x0000000084300000, 0x0000000084400000, 0x0000000084400000|100%| O|  |TAMS 0x0000000084400000, 0x0000000084300000| Untracked 
|  68|0x0000000084400000, 0x0000000084500000, 0x0000000084500000|100%| O|  |TAMS 0x0000000084500000, 0x0000000084400000| Untracked 
|  69|0x0000000084500000, 0x0000000084600000, 0x0000000084600000|100%| O|  |TAMS 0x0000000084600000, 0x0000000084500000| Untracked 
|  70|0x0000000084600000, 0x0000000084700000, 0x0000000084700000|100%| O|  |TAMS 0x0000000084700000, 0x0000000084600000| Untracked 
|  71|0x0000000084700000, 0x0000000084800000, 0x0000000084800000|100%| O|  |TAMS 0x0000000084800000, 0x0000000084700000| Untracked 
|  72|0x0000000084800000, 0x0000000084900000, 0x0000000084900000|100%| O|  |TAMS 0x0000000084900000, 0x0000000084800000| Untracked 
|  73|0x0000000084900000, 0x0000000084a00000, 0x0000000084a00000|100%| O|  |TAMS 0x0000000084a00000, 0x0000000084900000| Untracked 
|  74|0x0000000084a00000, 0x0000000084b00000, 0x0000000084b00000|100%| O|  |TAMS 0x0000000084b00000, 0x0000000084a00000| Untracked 
|  75|0x0000000084b00000, 0x0000000084c00000, 0x0000000084c00000|100%|HS|  |TAMS 0x0000000084c00000, 0x0000000084b00000| Complete 
|  76|0x0000000084c00000, 0x0000000084d00000, 0x0000000084d00000|100%|HS|  |TAMS 0x0000000084d00000, 0x0000000084c00000| Complete 
|  77|0x0000000084d00000, 0x0000000084e00000, 0x0000000084e00000|100%| O|  |TAMS 0x0000000084e00000, 0x0000000084d00000| Untracked 
|  78|0x0000000084e00000, 0x0000000084f00000, 0x0000000084f00000|100%| O|  |TAMS 0x0000000084f00000, 0x0000000084e00000| Untracked 
|  79|0x0000000084f00000, 0x0000000085000000, 0x0000000085000000|100%| O|  |TAMS 0x0000000085000000, 0x0000000084f00000| Untracked 
|  80|0x0000000085000000, 0x0000000085100000, 0x0000000085100000|100%| O|  |TAMS 0x0000000085003200, 0x0000000085000000| Untracked 
|  81|0x0000000085100000, 0x0000000085200000, 0x0000000085200000|100%| O|  |TAMS 0x0000000085100000, 0x0000000085100000| Untracked 
|  82|0x0000000085200000, 0x0000000085299800, 0x0000000085300000| 59%| O|  |TAMS 0x0000000085200000, 0x0000000085200000| Untracked 
|  83|0x0000000085300000, 0x0000000085300000, 0x0000000085400000|  0%| F|  |TAMS 0x0000000085300000, 0x0000000085300000| Untracked 
|  84|0x0000000085400000, 0x0000000085400000, 0x0000000085500000|  0%| F|  |TAMS 0x0000000085400000, 0x0000000085400000| Untracked 
|  85|0x0000000085500000, 0x0000000085500000, 0x0000000085600000|  0%| F|  |TAMS 0x0000000085500000, 0x0000000085500000| Untracked 
|  86|0x0000000085600000, 0x0000000085600000, 0x0000000085700000|  0%| F|  |TAMS 0x0000000085600000, 0x0000000085600000| Untracked 
|  87|0x0000000085700000, 0x0000000085700000, 0x0000000085800000|  0%| F|  |TAMS 0x0000000085700000, 0x0000000085700000| Untracked 
|  88|0x0000000085800000, 0x0000000085800000, 0x0000000085900000|  0%| F|  |TAMS 0x0000000085800000, 0x0000000085800000| Untracked 
|  89|0x0000000085900000, 0x0000000085900000, 0x0000000085a00000|  0%| F|  |TAMS 0x0000000085900000, 0x0000000085900000| Untracked 
|  90|0x0000000085a00000, 0x0000000085a00000, 0x0000000085b00000|  0%| F|  |TAMS 0x0000000085a00000, 0x0000000085a00000| Untracked 
|  91|0x0000000085b00000, 0x0000000085b00000, 0x0000000085c00000|  0%| F|  |TAMS 0x0000000085b00000, 0x0000000085b00000| Untracked 
|  92|0x0000000085c00000, 0x0000000085c00000, 0x0000000085d00000|  0%| F|  |TAMS 0x0000000085c00000, 0x0000000085c00000| Untracked 
|  93|0x0000000085d00000, 0x0000000085d00000, 0x0000000085e00000|  0%| F|  |TAMS 0x0000000085d00000, 0x0000000085d00000| Untracked 
|  94|0x0000000085e00000, 0x0000000085e00000, 0x0000000085f00000|  0%| F|  |TAMS 0x0000000085e00000, 0x0000000085e00000| Untracked 
|  95|0x0000000085f00000, 0x0000000085f00000, 0x0000000086000000|  0%| F|  |TAMS 0x0000000085f00000, 0x0000000085f00000| Untracked 
|  96|0x0000000086000000, 0x0000000086000000, 0x0000000086100000|  0%| F|  |TAMS 0x0000000086000000, 0x0000000086000000| Untracked 
|  97|0x0000000086100000, 0x0000000086100000, 0x0000000086200000|  0%| F|  |TAMS 0x0000000086100000, 0x0000000086100000| Untracked 
|  98|0x0000000086200000, 0x0000000086200000, 0x0000000086300000|  0%| F|  |TAMS 0x0000000086200000, 0x0000000086200000| Untracked 
|  99|0x0000000086300000, 0x0000000086300000, 0x0000000086400000|  0%| F|  |TAMS 0x0000000086300000, 0x0000000086300000| Untracked 
| 100|0x0000000086400000, 0x0000000086400000, 0x0000000086500000|  0%| F|  |TAMS 0x0000000086400000, 0x0000000086400000| Untracked 
| 101|0x0000000086500000, 0x0000000086500000, 0x0000000086600000|  0%| F|  |TAMS 0x0000000086500000, 0x0000000086500000| Untracked 
| 102|0x0000000086600000, 0x0000000086600000, 0x0000000086700000|  0%| F|  |TAMS 0x0000000086600000, 0x0000000086600000| Untracked 
| 103|0x0000000086700000, 0x0000000086700000, 0x0000000086800000|  0%| F|  |TAMS 0x0000000086700000, 0x0000000086700000| Untracked 
| 104|0x0000000086800000, 0x0000000086800000, 0x0000000086900000|  0%| F|  |TAMS 0x0000000086800000, 0x0000000086800000| Untracked 
| 105|0x0000000086900000, 0x0000000086900000, 0x0000000086a00000|  0%| F|  |TAMS 0x0000000086900000, 0x0000000086900000| Untracked 
| 106|0x0000000086a00000, 0x0000000086a00000, 0x0000000086b00000|  0%| F|  |TAMS 0x0000000086a00000, 0x0000000086a00000| Untracked 
| 107|0x0000000086b00000, 0x0000000086b00000, 0x0000000086c00000|  0%| F|  |TAMS 0x0000000086b00000, 0x0000000086b00000| Untracked 
| 108|0x0000000086c00000, 0x0000000086c00000, 0x0000000086d00000|  0%| F|  |TAMS 0x0000000086c00000, 0x0000000086c00000| Untracked 
| 109|0x0000000086d00000, 0x0000000086d00000, 0x0000000086e00000|  0%| F|  |TAMS 0x0000000086d00000, 0x0000000086d00000| Untracked 
| 110|0x0000000086e00000, 0x0000000086e00000, 0x0000000086f00000|  0%| F|  |TAMS 0x0000000086e00000, 0x0000000086e00000| Untracked 
| 111|0x0000000086f00000, 0x0000000086f00000, 0x0000000087000000|  0%| F|  |TAMS 0x0000000086f00000, 0x0000000086f00000| Untracked 
| 112|0x0000000087000000, 0x0000000087000000, 0x0000000087100000|  0%| F|  |TAMS 0x0000000087000000, 0x0000000087000000| Untracked 
| 113|0x0000000087100000, 0x0000000087100000, 0x0000000087200000|  0%| F|  |TAMS 0x0000000087100000, 0x0000000087100000| Untracked 
| 114|0x0000000087200000, 0x0000000087200000, 0x0000000087300000|  0%| F|  |TAMS 0x0000000087200000, 0x0000000087200000| Untracked 
| 115|0x0000000087300000, 0x0000000087300000, 0x0000000087400000|  0%| F|  |TAMS 0x0000000087300000, 0x0000000087300000| Untracked 
| 116|0x0000000087400000, 0x0000000087400000, 0x0000000087500000|  0%| F|  |TAMS 0x0000000087400000, 0x0000000087400000| Untracked 
| 117|0x0000000087500000, 0x0000000087500000, 0x0000000087600000|  0%| F|  |TAMS 0x0000000087500000, 0x0000000087500000| Untracked 
| 118|0x0000000087600000, 0x0000000087600000, 0x0000000087700000|  0%| F|  |TAMS 0x0000000087600000, 0x0000000087600000| Untracked 
| 119|0x0000000087700000, 0x0000000087700000, 0x0000000087800000|  0%| F|  |TAMS 0x0000000087700000, 0x0000000087700000| Untracked 
| 120|0x0000000087800000, 0x0000000087800000, 0x0000000087900000|  0%| F|  |TAMS 0x0000000087800000, 0x0000000087800000| Untracked 
| 121|0x0000000087900000, 0x0000000087900000, 0x0000000087a00000|  0%| F|  |TAMS 0x0000000087900000, 0x0000000087900000| Untracked 
| 122|0x0000000087a00000, 0x0000000087a00000, 0x0000000087b00000|  0%| F|  |TAMS 0x0000000087a00000, 0x0000000087a00000| Untracked 
| 123|0x0000000087b00000, 0x0000000087b00000, 0x0000000087c00000|  0%| F|  |TAMS 0x0000000087b00000, 0x0000000087b00000| Untracked 
| 124|0x0000000087c00000, 0x0000000087c00000, 0x0000000087d00000|  0%| F|  |TAMS 0x0000000087c00000, 0x0000000087c00000| Untracked 
| 125|0x0000000087d00000, 0x0000000087d00000, 0x0000000087e00000|  0%| F|  |TAMS 0x0000000087d00000, 0x0000000087d00000| Untracked 
| 126|0x0000000087e00000, 0x0000000087e00000, 0x0000000087f00000|  0%| F|  |TAMS 0x0000000087e00000, 0x0000000087e00000| Untracked 
| 127|0x0000000087f00000, 0x0000000087f00000, 0x0000000088000000|  0%| F|  |TAMS 0x0000000087f00000, 0x0000000087f00000| Untracked 
| 128|0x0000000088000000, 0x0000000088000000, 0x0000000088100000|  0%| F|  |TAMS 0x0000000088000000, 0x0000000088000000| Untracked 
| 129|0x0000000088100000, 0x0000000088100000, 0x0000000088200000|  0%| F|  |TAMS 0x0000000088100000, 0x0000000088100000| Untracked 
| 130|0x0000000088200000, 0x0000000088200000, 0x0000000088300000|  0%| F|  |TAMS 0x0000000088200000, 0x0000000088200000| Untracked 
| 131|0x0000000088300000, 0x0000000088300000, 0x0000000088400000|  0%| F|  |TAMS 0x0000000088300000, 0x0000000088300000| Untracked 
| 132|0x0000000088400000, 0x0000000088400000, 0x0000000088500000|  0%| F|  |TAMS 0x0000000088400000, 0x0000000088400000| Untracked 
| 133|0x0000000088500000, 0x0000000088500000, 0x0000000088600000|  0%| F|  |TAMS 0x0000000088500000, 0x0000000088500000| Untracked 
| 134|0x0000000088600000, 0x0000000088600000, 0x0000000088700000|  0%| F|  |TAMS 0x0000000088600000, 0x0000000088600000| Untracked 
| 135|0x0000000088700000, 0x0000000088700000, 0x0000000088800000|  0%| F|  |TAMS 0x0000000088700000, 0x0000000088700000| Untracked 
| 136|0x0000000088800000, 0x0000000088800000, 0x0000000088900000|  0%| F|  |TAMS 0x0000000088800000, 0x0000000088800000| Untracked 
| 137|0x0000000088900000, 0x0000000088900000, 0x0000000088a00000|  0%| F|  |TAMS 0x0000000088900000, 0x0000000088900000| Untracked 
| 138|0x0000000088a00000, 0x0000000088a00000, 0x0000000088b00000|  0%| F|  |TAMS 0x0000000088a00000, 0x0000000088a00000| Untracked 
| 139|0x0000000088b00000, 0x0000000088b00000, 0x0000000088c00000|  0%| F|  |TAMS 0x0000000088b00000, 0x0000000088b00000| Untracked 
| 140|0x0000000088c00000, 0x0000000088c00000, 0x0000000088d00000|  0%| F|  |TAMS 0x0000000088c00000, 0x0000000088c00000| Untracked 
| 141|0x0000000088d00000, 0x0000000088d00000, 0x0000000088e00000|  0%| F|  |TAMS 0x0000000088d00000, 0x0000000088d00000| Untracked 
| 142|0x0000000088e00000, 0x0000000088e00000, 0x0000000088f00000|  0%| F|  |TAMS 0x0000000088e00000, 0x0000000088e00000| Untracked 
| 143|0x0000000088f00000, 0x0000000088f00000, 0x0000000089000000|  0%| F|  |TAMS 0x0000000088f00000, 0x0000000088f00000| Untracked 
| 144|0x0000000089000000, 0x0000000089000000, 0x0000000089100000|  0%| F|  |TAMS 0x0000000089000000, 0x0000000089000000| Untracked 
| 145|0x0000000089100000, 0x0000000089100000, 0x0000000089200000|  0%| F|  |TAMS 0x0000000089100000, 0x0000000089100000| Untracked 
| 146|0x0000000089200000, 0x0000000089200000, 0x0000000089300000|  0%| F|  |TAMS 0x0000000089200000, 0x0000000089200000| Untracked 
| 147|0x0000000089300000, 0x0000000089300000, 0x0000000089400000|  0%| F|  |TAMS 0x0000000089300000, 0x0000000089300000| Untracked 
| 148|0x0000000089400000, 0x0000000089400000, 0x0000000089500000|  0%| F|  |TAMS 0x0000000089400000, 0x0000000089400000| Untracked 
| 149|0x0000000089500000, 0x0000000089500000, 0x0000000089600000|  0%| F|  |TAMS 0x0000000089500000, 0x0000000089500000| Untracked 
| 150|0x0000000089600000, 0x0000000089600000, 0x0000000089700000|  0%| F|  |TAMS 0x0000000089600000, 0x0000000089600000| Untracked 
| 151|0x0000000089700000, 0x0000000089700000, 0x0000000089800000|  0%| F|  |TAMS 0x0000000089700000, 0x0000000089700000| Untracked 
| 152|0x0000000089800000, 0x0000000089800000, 0x0000000089900000|  0%| F|  |TAMS 0x0000000089800000, 0x0000000089800000| Untracked 
| 153|0x0000000089900000, 0x0000000089900000, 0x0000000089a00000|  0%| F|  |TAMS 0x0000000089900000, 0x0000000089900000| Untracked 
| 154|0x0000000089a00000, 0x0000000089a00000, 0x0000000089b00000|  0%| F|  |TAMS 0x0000000089a00000, 0x0000000089a00000| Untracked 
| 155|0x0000000089b00000, 0x0000000089b00000, 0x0000000089c00000|  0%| F|  |TAMS 0x0000000089b00000, 0x0000000089b00000| Untracked 
| 156|0x0000000089c00000, 0x0000000089c00000, 0x0000000089d00000|  0%| F|  |TAMS 0x0000000089c00000, 0x0000000089c00000| Untracked 
| 157|0x0000000089d00000, 0x0000000089d00000, 0x0000000089e00000|  0%| F|  |TAMS 0x0000000089d00000, 0x0000000089d00000| Untracked 
| 158|0x0000000089e00000, 0x0000000089e00000, 0x0000000089f00000|  0%| F|  |TAMS 0x0000000089e00000, 0x0000000089e00000| Untracked 
| 159|0x0000000089f00000, 0x0000000089f00000, 0x000000008a000000|  0%| F|  |TAMS 0x0000000089f00000, 0x0000000089f00000| Untracked 
| 160|0x000000008a000000, 0x000000008a000000, 0x000000008a100000|  0%| F|  |TAMS 0x000000008a000000, 0x000000008a000000| Untracked 
| 161|0x000000008a100000, 0x000000008a100000, 0x000000008a200000|  0%| F|  |TAMS 0x000000008a100000, 0x000000008a100000| Untracked 
| 162|0x000000008a200000, 0x000000008a200000, 0x000000008a300000|  0%| F|  |TAMS 0x000000008a200000, 0x000000008a200000| Untracked 
| 163|0x000000008a300000, 0x000000008a300000, 0x000000008a400000|  0%| F|  |TAMS 0x000000008a300000, 0x000000008a300000| Untracked 
| 164|0x000000008a400000, 0x000000008a400000, 0x000000008a500000|  0%| F|  |TAMS 0x000000008a400000, 0x000000008a400000| Untracked 
| 165|0x000000008a500000, 0x000000008a500000, 0x000000008a600000|  0%| F|  |TAMS 0x000000008a500000, 0x000000008a500000| Untracked 
| 166|0x000000008a600000, 0x000000008a600000, 0x000000008a700000|  0%| F|  |TAMS 0x000000008a600000, 0x000000008a600000| Untracked 
| 167|0x000000008a700000, 0x000000008a700000, 0x000000008a800000|  0%| F|  |TAMS 0x000000008a700000, 0x000000008a700000| Untracked 
| 168|0x000000008a800000, 0x000000008a800000, 0x000000008a900000|  0%| F|  |TAMS 0x000000008a800000, 0x000000008a800000| Untracked 
| 169|0x000000008a900000, 0x000000008a900000, 0x000000008aa00000|  0%| F|  |TAMS 0x000000008a900000, 0x000000008a900000| Untracked 
| 170|0x000000008aa00000, 0x000000008aa00000, 0x000000008ab00000|  0%| F|  |TAMS 0x000000008aa00000, 0x000000008aa00000| Untracked 
| 171|0x000000008ab00000, 0x000000008ab00000, 0x000000008ac00000|  0%| F|  |TAMS 0x000000008ab00000, 0x000000008ab00000| Untracked 
| 172|0x000000008ac00000, 0x000000008ac00000, 0x000000008ad00000|  0%| F|  |TAMS 0x000000008ac00000, 0x000000008ac00000| Untracked 
| 173|0x000000008ad00000, 0x000000008ad00000, 0x000000008ae00000|  0%| F|  |TAMS 0x000000008ad00000, 0x000000008ad00000| Untracked 
| 174|0x000000008ae00000, 0x000000008ae00000, 0x000000008af00000|  0%| F|  |TAMS 0x000000008ae00000, 0x000000008ae00000| Untracked 
| 175|0x000000008af00000, 0x000000008af00000, 0x000000008b000000|  0%| F|  |TAMS 0x000000008af00000, 0x000000008af00000| Untracked 
| 176|0x000000008b000000, 0x000000008b000000, 0x000000008b100000|  0%| F|  |TAMS 0x000000008b000000, 0x000000008b000000| Untracked 
| 177|0x000000008b100000, 0x000000008b100000, 0x000000008b200000|  0%| F|  |TAMS 0x000000008b100000, 0x000000008b100000| Untracked 
| 178|0x000000008b200000, 0x000000008b200000, 0x000000008b300000|  0%| F|  |TAMS 0x000000008b200000, 0x000000008b200000| Untracked 
| 179|0x000000008b300000, 0x000000008b300000, 0x000000008b400000|  0%| F|  |TAMS 0x000000008b300000, 0x000000008b300000| Untracked 
| 180|0x000000008b400000, 0x000000008b400000, 0x000000008b500000|  0%| F|  |TAMS 0x000000008b400000, 0x000000008b400000| Untracked 
| 181|0x000000008b500000, 0x000000008b500000, 0x000000008b600000|  0%| F|  |TAMS 0x000000008b500000, 0x000000008b500000| Untracked 
| 182|0x000000008b600000, 0x000000008b600000, 0x000000008b700000|  0%| F|  |TAMS 0x000000008b600000, 0x000000008b600000| Untracked 
| 183|0x000000008b700000, 0x000000008b700000, 0x000000008b800000|  0%| F|  |TAMS 0x000000008b700000, 0x000000008b700000| Untracked 
| 184|0x000000008b800000, 0x000000008b800000, 0x000000008b900000|  0%| F|  |TAMS 0x000000008b800000, 0x000000008b800000| Untracked 
| 185|0x000000008b900000, 0x000000008b900000, 0x000000008ba00000|  0%| F|  |TAMS 0x000000008b900000, 0x000000008b900000| Untracked 
| 186|0x000000008ba00000, 0x000000008ba00000, 0x000000008bb00000|  0%| F|  |TAMS 0x000000008ba00000, 0x000000008ba00000| Untracked 
| 187|0x000000008bb00000, 0x000000008bb00000, 0x000000008bc00000|  0%| F|  |TAMS 0x000000008bb00000, 0x000000008bb00000| Untracked 
| 188|0x000000008bc00000, 0x000000008bc00000, 0x000000008bd00000|  0%| F|  |TAMS 0x000000008bc00000, 0x000000008bc00000| Untracked 
| 189|0x000000008bd00000, 0x000000008bd00000, 0x000000008be00000|  0%| F|  |TAMS 0x000000008bd00000, 0x000000008bd00000| Untracked 
| 190|0x000000008be00000, 0x000000008be00000, 0x000000008bf00000|  0%| F|  |TAMS 0x000000008be00000, 0x000000008be00000| Untracked 
| 191|0x000000008bf00000, 0x000000008bf00000, 0x000000008c000000|  0%| F|  |TAMS 0x000000008bf00000, 0x000000008bf00000| Untracked 
| 192|0x000000008c000000, 0x000000008c000000, 0x000000008c100000|  0%| F|  |TAMS 0x000000008c000000, 0x000000008c000000| Untracked 
| 193|0x000000008c100000, 0x000000008c100000, 0x000000008c200000|  0%| F|  |TAMS 0x000000008c100000, 0x000000008c100000| Untracked 
| 194|0x000000008c200000, 0x000000008c200000, 0x000000008c300000|  0%| F|  |TAMS 0x000000008c200000, 0x000000008c200000| Untracked 
| 195|0x000000008c300000, 0x000000008c300000, 0x000000008c400000|  0%| F|  |TAMS 0x000000008c300000, 0x000000008c300000| Untracked 
| 196|0x000000008c400000, 0x000000008c400000, 0x000000008c500000|  0%| F|  |TAMS 0x000000008c400000, 0x000000008c400000| Untracked 
| 197|0x000000008c500000, 0x000000008c500000, 0x000000008c600000|  0%| F|  |TAMS 0x000000008c500000, 0x000000008c500000| Untracked 
| 198|0x000000008c600000, 0x000000008c600000, 0x000000008c700000|  0%| F|  |TAMS 0x000000008c600000, 0x000000008c600000| Untracked 
| 199|0x000000008c700000, 0x000000008c700000, 0x000000008c800000|  0%| F|  |TAMS 0x000000008c700000, 0x000000008c700000| Untracked 
| 200|0x000000008c800000, 0x000000008c800000, 0x000000008c900000|  0%| F|  |TAMS 0x000000008c800000, 0x000000008c800000| Untracked 
| 201|0x000000008c900000, 0x000000008c900000, 0x000000008ca00000|  0%| F|  |TAMS 0x000000008c900000, 0x000000008c900000| Untracked 
| 202|0x000000008ca00000, 0x000000008ca00000, 0x000000008cb00000|  0%| F|  |TAMS 0x000000008ca00000, 0x000000008ca00000| Untracked 
| 203|0x000000008cb00000, 0x000000008cb00000, 0x000000008cc00000|  0%| F|  |TAMS 0x000000008cb00000, 0x000000008cb00000| Untracked 
| 204|0x000000008cc00000, 0x000000008cc00000, 0x000000008cd00000|  0%| F|  |TAMS 0x000000008cc00000, 0x000000008cc00000| Untracked 
| 205|0x000000008cd00000, 0x000000008cd00000, 0x000000008ce00000|  0%| F|  |TAMS 0x000000008cd00000, 0x000000008cd00000| Untracked 
| 206|0x000000008ce00000, 0x000000008ce00000, 0x000000008cf00000|  0%| F|  |TAMS 0x000000008ce00000, 0x000000008ce00000| Untracked 
| 207|0x000000008cf00000, 0x000000008cf00000, 0x000000008d000000|  0%| F|  |TAMS 0x000000008cf00000, 0x000000008cf00000| Untracked 
| 208|0x000000008d000000, 0x000000008d000000, 0x000000008d100000|  0%| F|  |TAMS 0x000000008d000000, 0x000000008d000000| Untracked 
| 209|0x000000008d100000, 0x000000008d100000, 0x000000008d200000|  0%| F|  |TAMS 0x000000008d100000, 0x000000008d100000| Untracked 
| 210|0x000000008d200000, 0x000000008d200000, 0x000000008d300000|  0%| F|  |TAMS 0x000000008d200000, 0x000000008d200000| Untracked 
| 211|0x000000008d300000, 0x000000008d300000, 0x000000008d400000|  0%| F|  |TAMS 0x000000008d300000, 0x000000008d300000| Untracked 
| 212|0x000000008d400000, 0x000000008d400000, 0x000000008d500000|  0%| F|  |TAMS 0x000000008d400000, 0x000000008d400000| Untracked 
| 213|0x000000008d500000, 0x000000008d500000, 0x000000008d600000|  0%| F|  |TAMS 0x000000008d500000, 0x000000008d500000| Untracked 
| 214|0x000000008d600000, 0x000000008d600000, 0x000000008d700000|  0%| F|  |TAMS 0x000000008d600000, 0x000000008d600000| Untracked 
| 215|0x000000008d700000, 0x000000008d700000, 0x000000008d800000|  0%| F|  |TAMS 0x000000008d700000, 0x000000008d700000| Untracked 
| 216|0x000000008d800000, 0x000000008d800000, 0x000000008d900000|  0%| F|  |TAMS 0x000000008d800000, 0x000000008d800000| Untracked 
| 217|0x000000008d900000, 0x000000008d9b3050, 0x000000008da00000| 69%| S|CS|TAMS 0x000000008d900000, 0x000000008d900000| Complete 
| 218|0x000000008da00000, 0x000000008da00000, 0x000000008db00000|  0%| F|  |TAMS 0x000000008da00000, 0x000000008da00000| Untracked 
| 219|0x000000008db00000, 0x000000008db00000, 0x000000008dc00000|  0%| F|  |TAMS 0x000000008db00000, 0x000000008db00000| Untracked 
| 220|0x000000008dc00000, 0x000000008dc00000, 0x000000008dd00000|  0%| F|  |TAMS 0x000000008dc00000, 0x000000008dc00000| Untracked 
| 221|0x000000008dd00000, 0x000000008dd00000, 0x000000008de00000|  0%| F|  |TAMS 0x000000008dd00000, 0x000000008dd00000| Untracked 
| 222|0x000000008de00000, 0x000000008de00000, 0x000000008df00000|  0%| F|  |TAMS 0x000000008de00000, 0x000000008de00000| Untracked 
| 223|0x000000008df00000, 0x000000008df00000, 0x000000008e000000|  0%| F|  |TAMS 0x000000008df00000, 0x000000008df00000| Untracked 
| 224|0x000000008e000000, 0x000000008e000000, 0x000000008e100000|  0%| F|  |TAMS 0x000000008e000000, 0x000000008e000000| Untracked 
| 225|0x000000008e100000, 0x000000008e100000, 0x000000008e200000|  0%| F|  |TAMS 0x000000008e100000, 0x000000008e100000| Untracked 
| 226|0x000000008e200000, 0x000000008e200000, 0x000000008e300000|  0%| F|  |TAMS 0x000000008e200000, 0x000000008e200000| Untracked 
| 227|0x000000008e300000, 0x000000008e300000, 0x000000008e400000|  0%| F|  |TAMS 0x000000008e300000, 0x000000008e300000| Untracked 
| 228|0x000000008e400000, 0x000000008e400000, 0x000000008e500000|  0%| F|  |TAMS 0x000000008e400000, 0x000000008e400000| Untracked 
| 229|0x000000008e500000, 0x000000008e500000, 0x000000008e600000|  0%| F|  |TAMS 0x000000008e500000, 0x000000008e500000| Untracked 
| 230|0x000000008e600000, 0x000000008e600000, 0x000000008e700000|  0%| F|  |TAMS 0x000000008e600000, 0x000000008e600000| Untracked 
| 231|0x000000008e700000, 0x000000008e700000, 0x000000008e800000|  0%| F|  |TAMS 0x000000008e700000, 0x000000008e700000| Untracked 
| 232|0x000000008e800000, 0x000000008e800000, 0x000000008e900000|  0%| F|  |TAMS 0x000000008e800000, 0x000000008e800000| Untracked 
| 233|0x000000008e900000, 0x000000008e900000, 0x000000008ea00000|  0%| F|  |TAMS 0x000000008e900000, 0x000000008e900000| Untracked 
| 234|0x000000008ea00000, 0x000000008ea00000, 0x000000008eb00000|  0%| F|  |TAMS 0x000000008ea00000, 0x000000008ea00000| Untracked 
| 235|0x000000008eb00000, 0x000000008eb00000, 0x000000008ec00000|  0%| F|  |TAMS 0x000000008eb00000, 0x000000008eb00000| Untracked 
| 236|0x000000008ec00000, 0x000000008ec00000, 0x000000008ed00000|  0%| F|  |TAMS 0x000000008ec00000, 0x000000008ec00000| Untracked 
| 237|0x000000008ed00000, 0x000000008ed00000, 0x000000008ee00000|  0%| F|  |TAMS 0x000000008ed00000, 0x000000008ed00000| Untracked 
| 238|0x000000008ee00000, 0x000000008ee00000, 0x000000008ef00000|  0%| F|  |TAMS 0x000000008ee00000, 0x000000008ee00000| Untracked 
| 239|0x000000008ef00000, 0x000000008ef00000, 0x000000008f000000|  0%| F|  |TAMS 0x000000008ef00000, 0x000000008ef00000| Untracked 
| 240|0x000000008f000000, 0x000000008f000000, 0x000000008f100000|  0%| F|  |TAMS 0x000000008f000000, 0x000000008f000000| Untracked 
| 241|0x000000008f100000, 0x000000008f100000, 0x000000008f200000|  0%| F|  |TAMS 0x000000008f100000, 0x000000008f100000| Untracked 
| 242|0x000000008f200000, 0x000000008f200000, 0x000000008f300000|  0%| F|  |TAMS 0x000000008f200000, 0x000000008f200000| Untracked 
| 243|0x000000008f300000, 0x000000008f300000, 0x000000008f400000|  0%| F|  |TAMS 0x000000008f300000, 0x000000008f300000| Untracked 
| 244|0x000000008f400000, 0x000000008f400000, 0x000000008f500000|  0%| F|  |TAMS 0x000000008f400000, 0x000000008f400000| Untracked 
| 245|0x000000008f500000, 0x000000008f500000, 0x000000008f600000|  0%| F|  |TAMS 0x000000008f500000, 0x000000008f500000| Untracked 

Card table byte_map: [0x000002a0ca7b0000,0x000002a0cabb0000] _byte_map_base: 0x000002a0ca3b0000

Marking Bits (Prev, Next): (CMBitMap*) 0x000002a0b76c1160, (CMBitMap*) 0x000002a0b76c1120
 Prev Bits: [0x000002a0ccfb0000, 0x000002a0cefb0000)
 Next Bits: [0x000002a0cafb0000, 0x000002a0ccfb0000)

Polling page: 0x000002a0b55a0000

Metaspace:

Usage:
  Non-class:     58.37 MB used.
      Class:      8.79 MB used.
       Both:     67.15 MB used.

Virtual space:
  Non-class space:       64.00 MB reserved,      58.69 MB ( 92%) committed,  1 nodes.
      Class space:        1.00 GB reserved,       9.06 MB ( <1%) committed,  1 nodes.
             Both:        1.06 GB reserved,      67.75 MB (  6%) committed. 

Chunk freelists:
   Non-Class:  4.45 MB
       Class:  6.98 MB
        Both:  11.44 MB

MaxMetaspaceSize: unlimited
CompressedClassSpaceSize: 1.00 GB
Initial GC threshold: 21.00 MB
Current GC threshold: 112.81 MB
CDS: off
MetaspaceReclaimPolicy: balanced
 - commit_granule_bytes: 65536.
 - commit_granule_words: 8192.
 - virtual_space_node_default_size: 8388608.
 - enlarge_chunks_in_place: 1.
 - new_chunks_are_fully_committed: 0.
 - uncommit_free_chunks: 1.
 - use_allocation_guard: 0.
 - handle_deallocations: 1.


Internal statistics:

num_allocs_failed_limit: 3.
num_arena_births: 670.
num_arena_deaths: 0.
num_vsnodes_births: 2.
num_vsnodes_deaths: 0.
num_space_committed: 1084.
num_space_uncommitted: 0.
num_chunks_returned_to_freelist: 3.
num_chunks_taken_from_freelist: 2874.
num_chunk_merges: 0.
num_chunk_splits: 1834.
num_chunks_enlarged: 1163.
num_inconsistent_stats: 0.

CodeHeap 'non-profiled nmethods': size=119168Kb used=5604Kb max_used=5751Kb free=113564Kb
 bounds [0x000002a0c26d0000, 0x000002a0c2c70000, 0x000002a0c9b30000]
CodeHeap 'profiled nmethods': size=119104Kb used=17192Kb max_used=17192Kb free=101912Kb
 bounds [0x000002a0bab30000, 0x000002a0bbc00000, 0x000002a0c1f80000]
CodeHeap 'non-nmethods': size=7488Kb used=4067Kb max_used=4137Kb free=3420Kb
 bounds [0x000002a0c1f80000, 0x000002a0c23a0000, 0x000002a0c26d0000]
 total_blobs=9455 nmethods=8549 adapters=814
 compilation: enabled
              stopped_count=0, restarted_count=0
 full_count=0

Compilation events (20 events):
Event: 22.141 Thread 0x000002a0d9e86670 10087       3       java.util.zip.Deflater::ensureOpen (47 bytes)
Event: 22.141 Thread 0x000002a0d9e8bc80 10093       3       org.apache.commons.compress.archivers.zip.ZipArchiveOutputStream::hasZip64Extra (11 bytes)
Event: 22.141 Thread 0x000002a0d9e84d20 9972       1       org.apache.commons.compress.archivers.zip.StreamCompressor::getTotalBytesWritten (5 bytes)
Event: 22.141 Thread 0x000002a0d2248d70 10097       3       org.apache.commons.compress.archivers.zip.ZipArchiveOutputStream::usesDataDescriptor (23 bytes)
Event: 22.141 Thread 0x000002a0d9e84d20 nmethod 9972 0x000002a0c2a34890 code [0x000002a0c2a34a20, 0x000002a0c2a34af8]
Event: 22.141 Thread 0x000002a0d9e8bc80 nmethod 10093 0x000002a0bbbf8310 code [0x000002a0bbbf84c0, 0x000002a0bbbf8708]
Event: 22.141 Thread 0x000002a0d9e84d20 9985       1       java.nio.charset.Charset::name (5 bytes)
Event: 22.141 Thread 0x000002a0d2248d70 nmethod 10097 0x000002a0bbbf8810 code [0x000002a0bbbf89a0, 0x000002a0bbbf8b78]
Event: 22.141 Thread 0x000002a0d9e8bc80 10095       3       org.apache.commons.compress.archivers.zip.ZipLong::getBytes (12 bytes)
Event: 22.141 Thread 0x000002a0d9e86670 nmethod 10087 0x000002a0bbbf8c10 code [0x000002a0bbbf8dc0, 0x000002a0bbbf9028]
Event: 22.141 Thread 0x000002a0d2248d70 10106       3       org.gradle.internal.classpath.ClasspathWalker$ZipClasspathEntry::getName (10 bytes)
Event: 22.141 Thread 0x000002a0d9e86670 10091   !   3       java.util.zip.Deflater::finished (19 bytes)
Event: 22.142 Thread 0x000002a0d9e84d20 nmethod 9985 0x000002a0c2a34590 code [0x000002a0c2a34720, 0x000002a0c2a347f8]
Event: 22.143 Thread 0x000002a0d9e8bc80 nmethod 10095 0x000002a0bbbf9110 code [0x000002a0bbbf92c0, 0x000002a0bbbf9488]
Event: 22.143 Thread 0x000002a0d9e84d20 10275 %     3       org.objectweb.asm.ClassWriter::toByteArray @ 865 (1535 bytes)
Event: 22.144 Thread 0x000002a0d2248d70 nmethod 10106 0x000002a0bbbf9590 code [0x000002a0bbbf9740, 0x000002a0bbbf9a28]
Event: 22.144 Thread 0x000002a0d9e8bc80 10277       2       org.gradle.internal.file.FilePathUtil::getPathSegments (54 bytes)
Event: 22.144 Thread 0x000002a0d9e86670 nmethod 10091 0x000002a0bbbf9b90 code [0x000002a0bbbf9d20, 0x000002a0bbbf9f18]
Event: 22.144 Thread 0x000002a0d2248d70 10281       2       org.objectweb.asm.ClassWriter::visit (160 bytes)
Event: 22.144 Thread 0x000002a0d9e86670 10177       2       org.objectweb.asm.MethodVisitor::visitAnnotableParameterCount (17 bytes)

GC Heap History (20 events):
Event: 9.145 GC heap after
{Heap after GC invocations=32 (full 0):
 garbage-first heap   total 135168K, used 77568K [0x0000000080000000, 0x0000000100000000)
  region size 1024K, 4 young (4096K), 4 survivors (4096K)
 Metaspace       used 67375K, committed 67968K, reserved 1114112K
  class space    used 8833K, committed 9088K, reserved 1048576K
}
Event: 10.747 GC heap before
{Heap before GC invocations=33 (full 0):
 garbage-first heap   total 135168K, used 110336K [0x0000000080000000, 0x0000000100000000)
  region size 1024K, 36 young (36864K), 4 survivors (4096K)
 Metaspace       used 67519K, committed 68096K, reserved 1114112K
  class space    used 8835K, committed 9088K, reserved 1048576K
}
Event: 10.749 GC heap after
{Heap after GC invocations=34 (full 0):
 garbage-first heap   total 135168K, used 77488K [0x0000000080000000, 0x0000000100000000)
  region size 1024K, 2 young (2048K), 2 survivors (2048K)
 Metaspace       used 67519K, committed 68096K, reserved 1114112K
  class space    used 8835K, committed 9088K, reserved 1048576K
}
Event: 13.496 GC heap before
{Heap before GC invocations=34 (full 0):
 garbage-first heap   total 135168K, used 111280K [0x0000000080000000, 0x0000000100000000)
  region size 1024K, 35 young (35840K), 2 survivors (2048K)
 Metaspace       used 67743K, committed 68288K, reserved 1114112K
  class space    used 8843K, committed 9088K, reserved 1048576K
}
Event: 13.498 GC heap after
{Heap after GC invocations=35 (full 0):
 garbage-first heap   total 135168K, used 77460K [0x0000000080000000, 0x0000000100000000)
  region size 1024K, 2 young (2048K), 2 survivors (2048K)
 Metaspace       used 67743K, committed 68288K, reserved 1114112K
  class space    used 8843K, committed 9088K, reserved 1048576K
}
Event: 16.070 GC heap before
{Heap before GC invocations=36 (full 0):
 garbage-first heap   total 135168K, used 112276K [0x0000000080000000, 0x0000000100000000)
  region size 1024K, 36 young (36864K), 2 survivors (2048K)
 Metaspace       used 67982K, committed 68544K, reserved 1114112K
  class space    used 8843K, committed 9088K, reserved 1048576K
}
Event: 16.071 GC heap after
{Heap after GC invocations=37 (full 0):
 garbage-first heap   total 135168K, used 77434K [0x0000000080000000, 0x0000000100000000)
  region size 1024K, 2 young (2048K), 2 survivors (2048K)
 Metaspace       used 67982K, committed 68544K, reserved 1114112K
  class space    used 8843K, committed 9088K, reserved 1048576K
}
Event: 21.970 GC heap before
{Heap before GC invocations=37 (full 0):
 garbage-first heap   total 135168K, used 99962K [0x0000000080000000, 0x0000000100000000)
  region size 1024K, 26 young (26624K), 2 survivors (2048K)
 Metaspace       used 68044K, committed 68608K, reserved 1114112K
  class space    used 8844K, committed 9088K, reserved 1048576K
}
Event: 21.971 GC heap after
{Heap after GC invocations=38 (full 0):
 garbage-first heap   total 135168K, used 78051K [0x0000000080000000, 0x0000000100000000)
  region size 1024K, 2 young (2048K), 2 survivors (2048K)
 Metaspace       used 68044K, committed 68608K, reserved 1114112K
  class space    used 8844K, committed 9088K, reserved 1048576K
}
Event: 22.004 GC heap before
{Heap before GC invocations=39 (full 0):
 garbage-first heap   total 168960K, used 115939K [0x0000000080000000, 0x0000000100000000)
  region size 1024K, 38 young (38912K), 2 survivors (2048K)
 Metaspace       used 68506K, committed 69056K, reserved 1114112K
  class space    used 8972K, committed 9216K, reserved 1048576K
}
Event: 22.006 GC heap after
{Heap after GC invocations=40 (full 0):
 garbage-first heap   total 168960K, used 81320K [0x0000000080000000, 0x0000000100000000)
  region size 1024K, 4 young (4096K), 4 survivors (4096K)
 Metaspace       used 68506K, committed 69056K, reserved 1114112K
  class space    used 8972K, committed 9216K, reserved 1048576K
}
Event: 22.009 GC heap before
{Heap before GC invocations=40 (full 0):
 garbage-first heap   total 168960K, used 84392K [0x0000000080000000, 0x0000000100000000)
  region size 1024K, 8 young (8192K), 4 survivors (4096K)
 Metaspace       used 68524K, committed 69056K, reserved 1114112K
  class space    used 8972K, committed 9216K, reserved 1048576K
}
Event: 22.011 GC heap after
{Heap after GC invocations=41 (full 0):
 garbage-first heap   total 168960K, used 81273K [0x0000000080000000, 0x0000000100000000)
  region size 1024K, 1 young (1024K), 1 survivors (1024K)
 Metaspace       used 68524K, committed 69056K, reserved 1114112K
  class space    used 8972K, committed 9216K, reserved 1048576K
}
Event: 22.047 GC heap before
{Heap before GC invocations=41 (full 0):
 garbage-first heap   total 168960K, used 135545K [0x0000000080000000, 0x0000000100000000)
  region size 1024K, 55 young (56320K), 1 survivors (1024K)
 Metaspace       used 68631K, committed 69248K, reserved 1114112K
  class space    used 8987K, committed 9280K, reserved 1048576K
}
Event: 22.048 GC heap after
{Heap after GC invocations=42 (full 0):
 garbage-first heap   total 168960K, used 82789K [0x0000000080000000, 0x0000000100000000)
  region size 1024K, 2 young (2048K), 2 survivors (2048K)
 Metaspace       used 68631K, committed 69248K, reserved 1114112K
  class space    used 8987K, committed 9280K, reserved 1048576K
}
Event: 22.082 GC heap before
{Heap before GC invocations=42 (full 0):
 garbage-first heap   total 230400K, used 137061K [0x0000000080000000, 0x0000000100000000)
  region size 1024K, 56 young (57344K), 2 survivors (2048K)
 Metaspace       used 68679K, committed 69312K, reserved 1114112K
  class space    used 8990K, committed 9280K, reserved 1048576K
}
Event: 22.084 GC heap after
{Heap after GC invocations=43 (full 0):
 garbage-first heap   total 230400K, used 83380K [0x0000000080000000, 0x0000000100000000)
  region size 1024K, 3 young (3072K), 3 survivors (3072K)
 Metaspace       used 68679K, committed 69312K, reserved 1114112K
  class space    used 8990K, committed 9280K, reserved 1048576K
}
Event: 22.139 GC heap before
{Heap before GC invocations=44 (full 0):
 garbage-first heap   total 230400K, used 176564K [0x0000000080000000, 0x0000000100000000)
  region size 1024K, 95 young (97280K), 3 survivors (3072K)
 Metaspace       used 68761K, committed 69376K, reserved 1114112K
  class space    used 8997K, committed 9280K, reserved 1048576K
}
Event: 22.141 GC heap after
{Heap after GC invocations=45 (full 0):
 garbage-first heap   total 230400K, used 84590K [0x0000000080000000, 0x0000000100000000)
  region size 1024K, 4 young (4096K), 4 survivors (4096K)
 Metaspace       used 68761K, committed 69376K, reserved 1114112K
  class space    used 8997K, committed 9280K, reserved 1048576K
}
Event: 22.144 GC heap before
{Heap before GC invocations=45 (full 0):
 garbage-first heap   total 230400K, used 90734K [0x0000000080000000, 0x0000000100000000)
  region size 1024K, 11 young (11264K), 4 survivors (4096K)
 Metaspace       used 68763K, committed 69376K, reserved 1114112K
  class space    used 8997K, committed 9280K, reserved 1048576K
}

Dll operation events (3 events):
Event: 0.005 Loaded shared library C:\Program Files\Android\Android Studio\jbr\bin\java.dll
Event: 0.084 Loaded shared library C:\Program Files\Android\Android Studio\jbr\bin\zip.dll
Event: 0.253 Loaded shared library C:\Program Files\Android\Android Studio\jbr\bin\verify.dll

Deoptimization events (20 events):
Event: 22.137 Thread 0x000002a0db870740 DEOPT UNPACKING pc=0x000002a0c1fd7143 sp=0x000000e8e8afc890 mode 0
Event: 22.137 Thread 0x000002a0db872420 DEOPT UNPACKING pc=0x000002a0c1fd7143 sp=0x000000e8e8bfd2a0 mode 0
Event: 22.137 Thread 0x000002a0db872420 DEOPT PACKING pc=0x000002a0bbb6a51b sp=0x000000e8e8bfda40
Event: 22.137 Thread 0x000002a0db872420 DEOPT UNPACKING pc=0x000002a0c1fd7143 sp=0x000000e8e8bfceb0 mode 0
Event: 22.137 Thread 0x000002a0d708cb20 DEOPT PACKING pc=0x000002a0bbb6af11 sp=0x000000e8e89fd950
Event: 22.137 Thread 0x000002a0d708cb20 DEOPT UNPACKING pc=0x000002a0c1fd7143 sp=0x000000e8e89fce60 mode 0
Event: 22.138 Thread 0x000002a0db8762b0 DEOPT PACKING pc=0x000002a0bbb6af11 sp=0x000000e8e8ffe0f0
Event: 22.138 Thread 0x000002a0db8762b0 DEOPT UNPACKING pc=0x000002a0c1fd7143 sp=0x000000e8e8ffd600 mode 0
Event: 22.138 Thread 0x000002a0db875910 DEOPT PACKING pc=0x000002a0bbb6af11 sp=0x000000e8e95fd940
Event: 22.138 Thread 0x000002a0db875910 DEOPT UNPACKING pc=0x000002a0c1fd7143 sp=0x000000e8e95fce50 mode 0
Event: 22.142 Thread 0x000002a0db876780 DEOPT PACKING pc=0x000002a0bbb6af11 sp=0x000000e8e8efd970
Event: 22.142 Thread 0x000002a0db876780 DEOPT UNPACKING pc=0x000002a0c1fd7143 sp=0x000000e8e8efce80 mode 0
Event: 22.143 Thread 0x000002a0db877120 DEOPT PACKING pc=0x000002a0bbb6af11 sp=0x000000e8e90fd970
Event: 22.143 Thread 0x000002a0db873c30 DEOPT PACKING pc=0x000002a0bbb6af11 sp=0x000000e8e96fdd30
Event: 22.143 Thread 0x000002a0db877120 DEOPT UNPACKING pc=0x000002a0c1fd7143 sp=0x000000e8e90fce80 mode 0
Event: 22.143 Thread 0x000002a0db873c30 DEOPT UNPACKING pc=0x000002a0c1fd7143 sp=0x000000e8e96fd240 mode 0
Event: 22.143 Thread 0x000002a0db872420 DEOPT PACKING pc=0x000002a0bbb6af11 sp=0x000000e8e8bfd790
Event: 22.143 Thread 0x000002a0db872420 DEOPT UNPACKING pc=0x000002a0c1fd7143 sp=0x000000e8e8bfcca0 mode 0
Event: 22.144 Thread 0x000002a0db873760 DEOPT PACKING pc=0x000002a0bbb6af11 sp=0x000000e8e8cfdb10
Event: 22.144 Thread 0x000002a0db873760 DEOPT UNPACKING pc=0x000002a0c1fd7143 sp=0x000000e8e8cfd020 mode 0

Classes unloaded (0 events):
No events

Classes redefined (0 events):
No events

Internal exceptions (20 events):
Event: 22.067 Thread 0x000002a0db873760 Exception <a 'sun/nio/fs/WindowsException'{0x0000000088646a68}> (0x0000000088646a68) 
thrown [s\src\hotspot\share\prims\jni.cpp, line 517]
Event: 22.067 Thread 0x000002a0db873760 Exception <a 'sun/nio/fs/WindowsException'{0x0000000088646ca0}> (0x0000000088646ca0) 
thrown [s\src\hotspot\share\prims\jni.cpp, line 517]
Event: 22.072 Thread 0x000002a0db876780 Exception <a 'sun/nio/fs/WindowsException'{0x0000000087990170}> (0x0000000087990170) 
thrown [s\src\hotspot\share\prims\jni.cpp, line 517]
Event: 22.073 Thread 0x000002a0db876780 Exception <a 'sun/nio/fs/WindowsException'{0x00000000879902f8}> (0x00000000879902f8) 
thrown [s\src\hotspot\share\prims\jni.cpp, line 517]
Event: 22.085 Thread 0x000002a0db870740 Exception <a 'sun/nio/fs/WindowsException'{0x000000008df13a00}> (0x000000008df13a00) 
thrown [s\src\hotspot\share\prims\jni.cpp, line 517]
Event: 22.086 Thread 0x000002a0db876780 Exception <a 'sun/nio/fs/WindowsException'{0x000000008f531450}> (0x000000008f531450) 
thrown [s\src\hotspot\share\prims\jni.cpp, line 517]
Event: 22.092 Thread 0x000002a0db873760 Exception <a 'sun/nio/fs/WindowsException'{0x000000008d654470}> (0x000000008d654470) 
thrown [s\src\hotspot\share\prims\jni.cpp, line 517]
Event: 22.108 Thread 0x000002a0db876780 Exception <a 'sun/nio/fs/WindowsException'{0x000000008b9df0d0}> (0x000000008b9df0d0) 
thrown [s\src\hotspot\share\prims\jni.cpp, line 517]
Event: 22.108 Thread 0x000002a0db873c30 Exception <a 'sun/nio/fs/WindowsException'{0x000000008b977b40}> (0x000000008b977b40) 
thrown [s\src\hotspot\share\prims\jni.cpp, line 517]
Event: 22.109 Thread 0x000002a0db876780 Exception <a 'sun/nio/fs/WindowsException'{0x000000008b9df2e8}> (0x000000008b9df2e8) 
thrown [s\src\hotspot\share\prims\jni.cpp, line 517]
Event: 22.109 Thread 0x000002a0db873c30 Exception <a 'sun/nio/fs/WindowsException'{0x000000008b977d28}> (0x000000008b977d28) 
thrown [s\src\hotspot\share\prims\jni.cpp, line 517]
Event: 22.116 Thread 0x000002a0db8745d0 Exception <a 'sun/nio/fs/WindowsException'{0x000000008a904108}> (0x000000008a904108) 
thrown [s\src\hotspot\share\prims\jni.cpp, line 517]
Event: 22.118 Thread 0x000002a0db8745d0 Exception <a 'sun/nio/fs/WindowsException'{0x000000008a904300}> (0x000000008a904300) 
thrown [s\src\hotspot\share\prims\jni.cpp, line 517]
Event: 22.118 Thread 0x000002a0db876780 Exception <a 'sun/nio/fs/WindowsException'{0x000000008b9e63b0}> (0x000000008b9e63b0) 
thrown [s\src\hotspot\share\prims\jni.cpp, line 517]
Event: 22.123 Thread 0x000002a0db873c30 Exception <a 'sun/nio/fs/WindowsException'{0x000000008a46fe90}> (0x000000008a46fe90) 
thrown [s\src\hotspot\share\prims\jni.cpp, line 517]
Event: 22.123 Thread 0x000002a0db8745d0 Exception <a 'sun/nio/fs/WindowsException'{0x000000008a907a08}> (0x000000008a907a08) 
thrown [s\src\hotspot\share\prims\jni.cpp, line 517]
Event: 22.129 Thread 0x000002a0db8745d0 Exception <a 'sun/nio/fs/WindowsException'{0x0000000089227e70}> (0x0000000089227e70) 
thrown [s\src\hotspot\share\prims\jni.cpp, line 517]
Event: 22.130 Thread 0x000002a0db8745d0 Exception <a 'sun/nio/fs/WindowsException'{0x0000000089227ff8}> (0x0000000089227ff8) 
thrown [s\src\hotspot\share\prims\jni.cpp, line 517]
Event: 22.137 Thread 0x000002a0db874100 Exception <a 'sun/nio/fs/WindowsException'{0x00000000886d5200}> (0x00000000886d5200) 
thrown [s\src\hotspot\share\prims\jni.cpp, line 517]
Event: 22.137 Thread 0x000002a0db874100 Exception <a 'sun/nio/fs/WindowsException'{0x00000000886d5380}> (0x00000000886d5380) 
thrown [s\src\hotspot\share\prims\jni.cpp, line 517]

VM Operations (20 events):
Event: 22.011 Executing VM operation: G1CollectForAllocation done
Event: 22.032 Executing VM operation: HandshakeAllThreads
Event: 22.033 Executing VM operation: HandshakeAllThreads done
Event: 22.047 Executing VM operation: G1CollectForAllocation
Event: 22.047 Executing VM operation: G1CollectForAllocation done
Event: 22.047 Executing VM operation: G1CollectForAllocation
Event: 22.048 Executing VM operation: G1CollectForAllocation done
Event: 22.076 Executing VM operation: G1Concurrent
Event: 22.080 Executing VM operation: G1Concurrent done
Event: 22.082 Executing VM operation: G1CollectForAllocation
Event: 22.084 Executing VM operation: G1CollectForAllocation done
Event: 22.092 Executing VM operation: G1Concurrent
Event: 22.093 Executing VM operation: G1Concurrent done
Event: 22.138 Executing VM operation: G1CollectForAllocation
Event: 22.139 Executing VM operation: G1CollectForAllocation done
Event: 22.139 Executing VM operation: G1CollectForAllocation
Event: 22.141 Executing VM operation: G1CollectForAllocation done
Event: 22.144 Executing VM operation: G1CollectForAllocation
Event: 22.144 Executing VM operation: G1CollectForAllocation done
Event: 22.144 Executing VM operation: G1CollectForAllocation

Events (20 events):
Event: 21.981 loading class java/util/HashMap$EntrySpliterator
Event: 21.981 loading class java/util/HashMap$EntrySpliterator done
Event: 21.981 loading class java/util/zip/ZipInputStream
Event: 21.981 loading class java/util/zip/ZipInputStream done
Event: 21.982 loading class java/util/stream/SortedOps
Event: 21.982 loading class java/util/stream/SortedOps done
Event: 21.982 loading class java/util/stream/SortedOps$OfRef
Event: 21.982 loading class java/util/stream/ReferencePipeline$StatefulOp
Event: 21.983 loading class java/util/stream/ReferencePipeline$StatefulOp done
Event: 21.983 loading class java/util/stream/SortedOps$OfRef done
Event: 21.984 loading class java/util/stream/SortedOps$RefSortingSink
Event: 21.984 loading class java/util/stream/SortedOps$AbstractRefSortingSink
Event: 21.984 loading class java/util/stream/SortedOps$AbstractRefSortingSink done
Event: 21.984 loading class java/util/stream/SortedOps$RefSortingSink done
Event: 21.992 Thread 0x000002a0d9e884d0 Thread added: 0x000002a0d9e884d0
Event: 21.992 Thread 0x000002a0d9e86670 Thread added: 0x000002a0d9e86670
Event: 21.998 Thread 0x000002a0d9e8c190 Thread added: 0x000002a0d9e8c190
Event: 22.023 Thread 0x000002a0d9e86b80 Thread added: 0x000002a0d9e86b80
Event: 22.023 Thread 0x000002a0d9e86160 Thread added: 0x000002a0d9e86160
Event: 22.023 Thread 0x000002a0d9e889e0 Thread added: 0x000002a0d9e889e0


Dynamic libraries:
0x00007ff648cb0000 - 0x00007ff648cba000 	C:\Program Files\Android\Android Studio\jbr\bin\java.exe
0x00007ffd80d50000 - 0x00007ffd80f67000 	C:\Windows\SYSTEM32\ntdll.dll
0x00007ffd7ffb0000 - 0x00007ffd80074000 	C:\Windows\System32\KERNEL32.DLL
0x00007ffd7e5d0000 - 0x00007ffd7e976000 	C:\Windows\System32\KERNELBASE.dll
0x00007ffd7e430000 - 0x00007ffd7e541000 	C:\Windows\System32\ucrtbase.dll
0x00007ffd6ba20000 - 0x00007ffd6ba37000 	C:\Program Files\Android\Android Studio\jbr\bin\jli.dll
0x00007ffd2aff0000 - 0x00007ffd2b00b000 	C:\Program Files\Android\Android Studio\jbr\bin\VCRUNTIME140.dll
0x00007ffd800e0000 - 0x00007ffd8028e000 	C:\Windows\System32\USER32.dll
0x00007ffd7e360000 - 0x00007ffd7e386000 	C:\Windows\System32\win32u.dll
0x00007ffd803d0000 - 0x00007ffd803f9000 	C:\Windows\System32\GDI32.dll
0x00007ffd6d310000 - 0x00007ffd6d5a3000 	C:\Windows\WinSxS\amd64_microsoft.windows.common-controls_6595b64144ccf1df_6.0.22621.2506_none_270c5ae97388e100\COMCTL32.dll
0x00007ffd7e980000 - 0x00007ffd7ea98000 	C:\Windows\System32\gdi32full.dll
0x00007ffd7f060000 - 0x00007ffd7f107000 	C:\Windows\System32\msvcrt.dll
0x00007ffd7e090000 - 0x00007ffd7e12a000 	C:\Windows\System32\msvcp_win.dll
0x00007ffd806a0000 - 0x00007ffd806d1000 	C:\Windows\System32\IMM32.DLL
0x00007ffd70e50000 - 0x00007ffd70e5c000 	C:\Program Files\Android\Android Studio\jbr\bin\vcruntime140_1.dll
0x00007ffd29d50000 - 0x00007ffd29ddd000 	C:\Program Files\Android\Android Studio\jbr\bin\msvcp140.dll
0x00007ffc2d600000 - 0x00007ffc2e280000 	C:\Program Files\Android\Android Studio\jbr\bin\server\jvm.dll
0x00007ffd80290000 - 0x00007ffd80343000 	C:\Windows\System32\ADVAPI32.dll
0x00007ffd7edd0000 - 0x00007ffd7ee78000 	C:\Windows\System32\sechost.dll
0x00007ffd7e390000 - 0x00007ffd7e3b8000 	C:\Windows\System32\bcrypt.dll
0x00007ffd80470000 - 0x00007ffd80587000 	C:\Windows\System32\RPCRT4.dll
0x00007ffd74ca0000 - 0x00007ffd74cd4000 	C:\Windows\SYSTEM32\WINMM.dll
0x00007ffd473d0000 - 0x00007ffd473d9000 	C:\Windows\SYSTEM32\WSOCK32.dll
0x00007ffd773b0000 - 0x00007ffd773ba000 	C:\Windows\SYSTEM32\VERSION.dll
0x00007ffd7efe0000 - 0x00007ffd7f051000 	C:\Windows\System32\WS2_32.dll
0x00007ffd7d190000 - 0x00007ffd7d1a8000 	C:\Windows\SYSTEM32\kernel.appcore.dll
0x00007ffd79050000 - 0x00007ffd7905a000 	C:\Program Files\Android\Android Studio\jbr\bin\jimage.dll
0x00007ffd7b580000 - 0x00007ffd7b7b3000 	C:\Windows\SYSTEM32\DBGHELP.DLL
0x00007ffd80880000 - 0x00007ffd80c09000 	C:\Windows\System32\combase.dll
0x00007ffd807a0000 - 0x00007ffd80877000 	C:\Windows\System32\OLEAUT32.dll
0x00007ffd74d10000 - 0x00007ffd74d42000 	C:\Windows\SYSTEM32\dbgcore.DLL
0x00007ffd7e550000 - 0x00007ffd7e5ca000 	C:\Windows\System32\bcryptPrimitives.dll
0x00007ffd70e60000 - 0x00007ffd70e6e000 	C:\Program Files\Android\Android Studio\jbr\bin\instrument.dll
0x00007ffd6bb00000 - 0x00007ffd6bb25000 	C:\Program Files\Android\Android Studio\jbr\bin\java.dll
0x00007ffd6bae0000 - 0x00007ffd6baf8000 	C:\Program Files\Android\Android Studio\jbr\bin\zip.dll
0x00007ffd7f750000 - 0x00007ffd7ffab000 	C:\Windows\System32\SHELL32.dll
0x00007ffd7bfb0000 - 0x00007ffd7c8a6000 	C:\Windows\SYSTEM32\windows.storage.dll
0x00007ffd7be70000 - 0x00007ffd7bfae000 	C:\Windows\SYSTEM32\wintypes.dll
0x00007ffd80590000 - 0x00007ffd80683000 	C:\Windows\System32\SHCORE.dll
0x00007ffd80400000 - 0x00007ffd8045e000 	C:\Windows\System32\shlwapi.dll
0x00007ffd7dfc0000 - 0x00007ffd7dfe6000 	C:\Windows\SYSTEM32\profapi.dll
0x00007ffd6bac0000 - 0x00007ffd6bad9000 	C:\Program Files\Android\Android Studio\jbr\bin\net.dll
0x00007ffd78ae0000 - 0x00007ffd78c17000 	C:\Windows\SYSTEM32\WINHTTP.dll
0x00007ffd7d640000 - 0x00007ffd7d6a9000 	C:\Windows\system32\mswsock.dll
0x00007ffd6baa0000 - 0x00007ffd6bab6000 	C:\Program Files\Android\Android Studio\jbr\bin\nio.dll
0x00007ffd79040000 - 0x00007ffd79050000 	C:\Program Files\Android\Android Studio\jbr\bin\verify.dll
0x00007ffd4a6f0000 - 0x00007ffd4a717000 	C:\Users\petsh\.gradle\native\c067742578af261105cb4f569cf0c3c89f3d7b1fecec35dd04571415982c5e48\windows-amd64\native-platform.dll
0x00007ffd405f0000 - 0x00007ffd40734000 	C:\Users\petsh\.gradle\native\38dada09dfb8b06ba9b0570ebf7e218e3eb74d4ef43ca46872605cf95ebc2f47\windows-amd64\native-platform-file-events.dll
0x00007ffd71410000 - 0x00007ffd71419000 	C:\Program Files\Android\Android Studio\jbr\bin\management.dll
0x00007ffd70e40000 - 0x00007ffd70e4b000 	C:\Program Files\Android\Android Studio\jbr\bin\management_ext.dll
0x00007ffd7edc0000 - 0x00007ffd7edc8000 	C:\Windows\System32\PSAPI.DLL
0x00007ffd7d890000 - 0x00007ffd7d8ab000 	C:\Windows\SYSTEM32\CRYPTSP.dll
0x00007ffd7d0f0000 - 0x00007ffd7d125000 	C:\Windows\system32\rsaenh.dll
0x00007ffd7d730000 - 0x00007ffd7d75c000 	C:\Windows\SYSTEM32\USERENV.dll
0x00007ffd7d8b0000 - 0x00007ffd7d8bc000 	C:\Windows\SYSTEM32\CRYPTBASE.dll
0x00007ffd7cb70000 - 0x00007ffd7cb9d000 	C:\Windows\SYSTEM32\IPHLPAPI.DLL
0x00007ffd80740000 - 0x00007ffd80749000 	C:\Windows\System32\NSI.dll
0x00007ffd78720000 - 0x00007ffd78739000 	C:\Windows\SYSTEM32\dhcpcsvc6.DLL
0x00007ffd78560000 - 0x00007ffd7857f000 	C:\Windows\SYSTEM32\dhcpcsvc.DLL
0x00007ffd7cba0000 - 0x00007ffd7cc99000 	C:\Windows\SYSTEM32\DNSAPI.dll
0x00007ffd41a50000 - 0x00007ffd41a58000 	C:\Windows\system32\wshunix.dll
0x00007ffd77a60000 - 0x00007ffd77a6a000 	C:\Windows\System32\rasadhlp.dll
0x00007ffd779c0000 - 0x00007ffd77a43000 	C:\Windows\System32\fwpuclnt.dll

dbghelp: loaded successfully - version: 4.0.5 - missing functions: none
symbol engine: initialized successfully - sym options: 0x614 - pdb path: .;C:\Program Files\Android\Android Studio\jbr\bin;C:\Windows\SYSTEM32;C:\Windows\WinSxS\amd64_microsoft.windows.common-controls_6595b64144ccf1df_6.0.22621.2506_none_270c5ae97388e100;C:\Program Files\Android\Android Studio\jbr\bin\server;C:\Users\petsh\.gradle\native\c067742578af261105cb4f569cf0c3c89f3d7b1fecec35dd04571415982c5e48\windows-amd64;C:\Users\petsh\.gradle\native\38dada09dfb8b06ba9b0570ebf7e218e3eb74d4ef43ca46872605cf95ebc2f47\windows-amd64

VM Arguments:
jvm_args: --add-opens=java.base/java.util=ALL-UNNAMED --add-opens=java.base/java.lang=ALL-UNNAMED --add-opens=java.base/java.lang.invoke=ALL-UNNAMED --add-opens=java.prefs/java.util.prefs=ALL-UNNAMED --add-opens=java.base/java.nio.charset=ALL-UNNAMED --add-opens=java.base/java.net=ALL-UNNAMED --add-opens=java.base/java.util.concurrent.atomic=ALL-UNNAMED -Xmx2048m -Dfile.encoding=UTF-8 -Duser.country=GB -Duser.language=en -Duser.variant -javaagent:C:\Users\petsh\.gradle\wrapper\dists\gradle-8.4-bin\1w5dpkrfk8irigvoxmyhowfim\gradle-8.4\lib\agents\gradle-instrumentation-agent-8.4.jar 
java_command: org.gradle.launcher.daemon.bootstrap.GradleDaemon 8.4
java_class_path (initial): C:\Users\petsh\.gradle\wrapper\dists\gradle-8.4-bin\1w5dpkrfk8irigvoxmyhowfim\gradle-8.4\lib\gradle-launcher-8.4.jar
Launcher Type: SUN_STANDARD

[Global flags]
     intx CICompilerCount                          = 12                                        {product} {ergonomic}
     uint ConcGCThreads                            = 3                                         {product} {ergonomic}
     uint G1ConcRefinementThreads                  = 13                                        {product} {ergonomic}
   size_t G1HeapRegionSize                         = 1048576                                   {product} {ergonomic}
    uintx GCDrainStackTargetSize                   = 64                                        {product} {ergonomic}
   size_t InitialHeapSize                          = 257949696                                 {product} {ergonomic}
   size_t MarkStackSize                            = 4194304                                   {product} {ergonomic}
   size_t MaxHeapSize                              = 2147483648                                {product} {command line}
   size_t MaxNewSize                               = 1287651328                                {product} {ergonomic}
   size_t MinHeapDeltaBytes                        = 1048576                                   {product} {ergonomic}
   size_t MinHeapSize                              = 8388608                                   {product} {ergonomic}
    uintx NonNMethodCodeHeapSize                   = 7602480                                {pd product} {ergonomic}
    uintx NonProfiledCodeHeapSize                  = 122027880                              {pd product} {ergonomic}
    uintx ProfiledCodeHeapSize                     = 122027880                              {pd product} {ergonomic}
    uintx ReservedCodeCacheSize                    = 251658240                              {pd product} {ergonomic}
     bool SegmentedCodeCache                       = true                                      {product} {ergonomic}
   size_t SoftMaxHeapSize                          = 2147483648                             {manageable} {ergonomic}
     bool UseCompressedClassPointers               = true                           {product lp64_product} {ergonomic}
     bool UseCompressedOops                        = true                           {product lp64_product} {ergonomic}
     bool UseG1GC                                  = true                                      {product} {ergonomic}
     bool UseLargePagesIndividualAllocation        = false                                  {pd product} {ergonomic}

Logging:
Log output configuration:
 #0: stdout all=warning uptime,level,tags
 #1: stderr all=off uptime,level,tags

Environment Variables:
PATH=C:\Program Files\NVIDIA\CUDNN\v9.0\bin;C:\Program Files\NVIDIA GPU Computing Toolkit\CUDA\v12.3\bin;C:\Program Files\NVIDIA GPU Computing Toolkit\CUDA\v12.3\libnvvp;C:\Windows\system32;C:\Windows;C:\Windows\System32\Wbem;C:\Windows\System32\WindowsPowerShell\v1.0\;C:\Windows\System32\OpenSSH\;C:\Program Files (x86)\NVIDIA Corporation\PhysX\Common;C:\Program Files\NVIDIA Corporation\NVIDIA NvDLISR;C:\Users\petsh\anaconda3;C:\Program Files\Git\cmd;C:\Program Files\dotnet\;C:\Users\petsh\AppData\Local\Microsoft\WindowsApps;C:\Users\petsh\anaconda3;C:\Program Files\Git\bin;C:\Program Files\Git\cmd;
USERNAME=petsh
OS=Windows_NT
PROCESSOR_IDENTIFIER=AMD64 Family 25 Model 68 Stepping 1, AuthenticAMD
TMP=C:\Users\petsh\AppData\Local\Temp
TEMP=C:\Users\petsh\AppData\Local\Temp


JNI global refs:
JNI global refs: 44, weak refs: 121

JNI global refs memory usage: 1475, weak refs: 1473

OOME stack traces (most recent first):
Classloader memory used:
Loader org.gradle.internal.classloader.VisitableURLClassLoader                         : 3534K
Loader bootstrap                                                                       : 3419K
Loader org.gradle.initialization.MixInLegacyTypesClassLoader                           : 1280K
Loader jdk.internal.loader.ClassLoaders$PlatformClassLoader                            : 104K
Loader org.gradle.internal.classloader.VisitableURLClassLoader$InstrumentingVisitableURLClassLoader: 90997B
Loader org.gradle.internal.classloader.VisitableURLClassLoader                         : 72508B
Loader jdk.internal.reflect.DelegatingClassLoader                                      : 39338B
Loader jdk.internal.loader.ClassLoaders$AppClassLoader                                 : 28358B
Loader org.gradle.groovy.scripts.internal.DefaultScriptCompilationHandler$ScriptClassLoader: 21780B
Loader org.codehaus.groovy.runtime.callsite.CallSiteClassLoader                        : 8898B

Classes loaded by more than one classloader:
Class org.gradle.internal.Cast                                                        : loaded 3 times (x 69B)
Class org.gradle.api.GradleException                                                  : loaded 3 times (x 80B)
Class org.jetbrains.plugins.gradle.model.MavenRepositoryModel                         : loaded 2 times (x 68B)
Class org.gradle.internal.classpath.ClassPath                                         : loaded 2 times (x 68B)
Class org.gradle.api.internal.classpath.DefaultModuleRegistry                         : loaded 2 times (x 84B)
Class com.intellij.openapi.externalSystem.model.ExternalSystemException               : loaded 2 times (x 84B)
Class org.gradle.api.Action                                                           : loaded 2 times (x 68B)
Class org.jetbrains.kotlin.idea.gradleTooling.model.samWithReceiver.SamWithReceiverModel: loaded 2 times (x 68B)
Class org.jetbrains.plugins.gradle.model.ExternalProject                              : loaded 2 times (x 68B)
Class org.jetbrains.plugins.gradle.model.IntelliJSettings                             : loaded 2 times (x 68B)
Class org.jetbrains.kotlin.idea.gradleTooling.KotlinMPPGradleModel                    : loaded 2 times (x 68B)
Class org.gradle.api.internal.DefaultClassPathProvider                                : loaded 2 times (x 74B)
Class org.gradle.internal.installation.GradleInstallation$1                           : loaded 2 times (x 73B)
Class org.gradle.internal.exceptions.DefaultMultiCauseException                       : loaded 2 times (x 85B)
Class org.gradle.tooling.model.UnsupportedMethodException                             : loaded 2 times (x 80B)
Class org.gradle.internal.time.MonotonicClock                                         : loaded 2 times (x 75B)
Class org.gradle.util.GradleVersion                                                   : loaded 2 times (x 81B)
Class org.gradle.tooling.model.Model                                                  : loaded 2 times (x 68B)
Class org.gradle.internal.classpath.DefaultClassPath$ImmutableUniqueList$Builder      : loaded 2 times (x 73B)
Class org.jetbrains.kotlin.idea.gradleTooling.KotlinSourceSetContainer                : loaded 2 times (x 68B)
Class org.gradle.internal.classloader.ClassLoaderVisitor                              : loaded 2 times (x 74B)
Class org.gradle.internal.time.DefaultCountdownTimer                                  : loaded 2 times (x 86B)
Class settings_jx9rvdk6ehywe9oz8pdam4b4$_run_closure1                                 : loaded 2 times (x 137B)
Class org.gradle.internal.service.DefaultServiceLocator                               : loaded 2 times (x 81B)
Class org.gradle.internal.service.UnknownServiceException                             : loaded 2 times (x 81B)
Class org.jetbrains.plugins.gradle.model.DependencyAccessorsModel                     : loaded 2 times (x 68B)
Class org.gradle.internal.classloader.DefaultClassLoaderFactory                       : loaded 2 times (x 80B)
Class org.jetbrains.plugins.gradle.model.GradleExtensions                             : loaded 2 times (x 68B)
Class org.jetbrains.plugins.gradle.model.VersionCatalogsModel                         : loaded 2 times (x 68B)
Class org.gradle.internal.classloader.VisitableURLClassLoader$Spec                    : loaded 2 times (x 72B)
Class org.gradle.tooling.model.ProjectModel                                           : loaded 2 times (x 68B)
Class org.gradle.internal.classloader.FilteringClassLoader                            : loaded 2 times (x 102B)
Class org.gradle.tooling.internal.gradle.DefaultProjectIdentifier                     : loaded 2 times (x 84B)
Class org.gradle.api.internal.classpath.ModuleRegistry                                : loaded 2 times (x 68B)
Class settings_jx9rvdk6ehywe9oz8pdam4b4$_run_closure1$_closure2                       : loaded 2 times (x 137B)
Class org.jetbrains.plugins.gradle.model.RepositoriesModel                            : loaded 2 times (x 68B)
Class org.gradle.api.internal.ClassPathProvider                                       : loaded 2 times (x 68B)
Class org.gradle.internal.classloader.ClasspathUtil$1                                 : loaded 2 times (x 74B)
Class org.gradle.internal.classloader.ClassLoaderFactory                              : loaded 2 times (x 68B)
Class sync_studio_tooling5_d9lv6wqxu14cziac74qpte5nr$_run_closure1                    : loaded 2 times (x 137B)
Class org.gradle.api.internal.classpath.ManifestUtil                                  : loaded 2 times (x 69B)
Class org.gradle.api.specs.Spec                                                       : loaded 2 times (x 68B)
Class org.gradle.tooling.internal.gradle.GradleBuildIdentity                          : loaded 2 times (x 68B)
Class org.gradle.internal.IoActions                                                   : loaded 2 times (x 69B)
Class settings_jx9rvdk6ehywe9oz8pdam4b4                                               : loaded 2 times (x 177B)
Class org.gradle.api.internal.classpath.EffectiveClassPath                            : loaded 2 times (x 88B)
Class org.jetbrains.kotlin.idea.gradleTooling.model.annotation.AnnotationBasedPluginModel: loaded 2 times (x 68B)
Class org.jetbrains.kotlin.idea.gradleTooling.model.assignment.AssignmentModel        : loaded 2 times (x 68B)
Class org.gradle.internal.installation.CurrentGradleInstallation                      : loaded 2 times (x 71B)
Class org.gradle.internal.agents.InstrumentingClassLoader                             : loaded 2 times (x 68B)
Class org.gradle.internal.installation.CurrentGradleInstallationLocator               : loaded 2 times (x 69B)
Class org.gradle.api.internal.classpath.Module                                        : loaded 2 times (x 68B)
Class ijinit_2br3k74a1jcoo98gzjuoervjc                                                : loaded 2 times (x 177B)
Class org.gradle.internal.service.CachingServiceLocator                               : loaded 2 times (x 80B)
Class org.gradle.internal.time.Timer                                                  : loaded 2 times (x 68B)
Class org.jetbrains.plugins.gradle.model.tests.ExternalTestsModel                     : loaded 2 times (x 68B)
Class org.jetbrains.kotlin.idea.gradleTooling.KotlinDslScriptAdditionalTask           : loaded 2 times (x 68B)
Class org.gradle.internal.classpath.DefaultClassPath                                  : loaded 2 times (x 88B)
Class com.intellij.openapi.externalSystem.model.project.dependencies.ProjectDependencies: loaded 2 times (x 68B)
Class org.jetbrains.kotlin.idea.gradleTooling.PrepareKotlinIdeImportTaskModel         : loaded 2 times (x 68B)
Class org.gradle.internal.impldep.com.google.common.base.Preconditions                : loaded 2 times (x 69B)
Class sync_studio_tooling5_d9lv6wqxu14cziac74qpte5nr                                  : loaded 2 times (x 177B)
Class org.gradle.internal.time.Time                                                   : loaded 2 times (x 69B)
Class org.gradle.internal.time.TimeSource$1                                           : loaded 2 times (x 75B)
Class org.gradle.internal.classloader.SystemClassLoaderSpec                           : loaded 2 times (x 69B)
Class kotlin.Function                                                                 : loaded 2 times (x 68B)
Class org.gradle.api.UncheckedIOException                                             : loaded 2 times (x 80B)
Class org.gradle.tooling.internal.gradle.GradleProjectIdentity                        : loaded 2 times (x 68B)
Class org.gradle.internal.time.CountdownTimer                                         : loaded 2 times (x 68B)
Class org.gradle.internal.time.Clock                                                  : loaded 2 times (x 68B)
Class org.gradle.internal.classloader.ClasspathUtil                                   : loaded 2 times (x 69B)
Class org.gradle.tooling.model.BuildIdentifier                                        : loaded 2 times (x 68B)
Class org.gradle.api.internal.DefaultClassPathRegistry                                : loaded 2 times (x 74B)
Class org.gradle.api.internal.classpath.DefaultModuleRegistry$DefaultModule           : loaded 2 times (x 84B)
Class org.gradle.internal.time.TimeSource                                             : loaded 2 times (x 68B)
Class org.jetbrains.kotlin.android.synthetic.idea.AndroidExtensionsGradleModel        : loaded 2 times (x 68B)
Class org.gradle.api.internal.classpath.UnknownModuleException                        : loaded 2 times (x 80B)
Class org.jetbrains.plugins.gradle.model.IntelliJProjectSettings                      : loaded 2 times (x 68B)
Class org.gradle.internal.service.ServiceLookupException                              : loaded 2 times (x 80B)
Class org.gradle.cache.GlobalCache                                                    : loaded 2 times (x 68B)
Class org.jetbrains.kotlin.idea.gradleTooling.model.lombok.LombokModel                : loaded 2 times (x 68B)
Class org.gradle.tooling.model.ProjectIdentifier                                      : loaded 2 times (x 68B)
Class [Lorg.gradle.api.internal.ClassPathProvider;                                    : loaded 2 times (x 67B)
Class org.gradle.internal.operations.MultipleBuildOperationFailures                   : loaded 2 times (x 85B)
Class org.gradle.util.internal.GUtil                                                  : loaded 2 times (x 69B)
Class org.jetbrains.plugins.gradle.model.AnnotationProcessingModel                    : loaded 2 times (x 68B)
Class org.gradle.internal.classloader.ClassLoaderSpec                                 : loaded 2 times (x 69B)
Class org.jetbrains.plugins.gradle.model.BuildScriptClasspathModel                    : loaded 2 times (x 68B)
Class org.gradle.internal.classloader.VisitableURLClassLoader                         : loaded 2 times (x 114B)
Class org.gradle.internal.installation.GradleInstallation                             : loaded 2 times (x 73B)
Class org.gradle.api.internal.ClassPathRegistry                                       : loaded 2 times (x 68B)
Class org.gradle.internal.classloader.VisitableURLClassLoader$InstrumentingVisitableURLClassLoader: loaded 2 times (x 120B)
Class org.gradle.internal.classloader.ClassLoaderHierarchy                            : loaded 2 times (x 68B)
Class org.gradle.internal.exceptions.MultiCauseException                              : loaded 2 times (x 68B)
Class org.jetbrains.kotlin.idea.gradleTooling.model.parcelize.ParcelizeGradleModel    : loaded 2 times (x 68B)
Class org.gradle.internal.InternalTransformer                                         : loaded 2 times (x 68B)
Class org.jetbrains.kotlin.idea.gradleTooling.model.noarg.NoArgModel                  : loaded 2 times (x 68B)
Class org.jetbrains.kotlin.idea.gradleTooling.KotlinGradleModel                       : loaded 2 times (x 68B)
Class org.gradle.tooling.internal.gradle.DefaultBuildIdentifier                       : loaded 2 times (x 77B)
Class org.gradle.internal.service.ServiceLocator                                      : loaded 2 times (x 68B)
Class org.jetbrains.kotlin.idea.gradleTooling.model.allopen.AllOpenModel              : loaded 2 times (x 68B)
Class org.gradle.internal.classpath.DefaultClassPath$ImmutableUniqueList              : loaded 2 times (x 159B)
Class org.gradle.internal.time.DefaultTimer                                           : loaded 2 times (x 78B)
Class org.gradle.internal.classpath.TransformedClassPath                              : loaded 2 times (x 94B)


---------------  S Y S T E M  ---------------

OS:
 Windows 11 , 64 bit Build 22621 (10.0.22621.3085)
OS uptime: 0 days 5:35 hours
Hyper-V role detected

CPU: total 16 (initial active 16) (16 cores per cpu, 2 threads per core) family 25 model 68 stepping 1 microcode 0x0, cx8, cmov, fxsr, ht, mmx, 3dnowpref, sse, sse2, sse3, ssse3, sse4a, sse4.1, sse4.2, popcnt, lzcnt, tsc, tscinvbit, avx, avx2, aes, erms, clmul, bmi1, bmi2, adx, sha, fma, vzeroupper, clflush, clflushopt, hv

Memory: 4k page, system-wide physical 15628M (1189M free)
TotalPageFile size 62732M (AvailPageFile size 196M)
current process WorkingSet (physical memory assigned to process): 437M, peak: 437M
current process commit charge ("private bytes"): 501M, peak: 900M

vm_info: OpenJDK 64-Bit Server VM (17.0.7+0-b2043.56-10550314) for windows-amd64 JRE (17.0.7+0-b2043.56-10550314), built on Jul 24 2023 18:27:45 by "androidbuild" with MS VC++ 16.10 / 16.11 (VS2019)

END.
